2025-03-27 16:03:47,890 - INFO - Starting A* from (0, 0) to (3, 3)
2025-03-27 16:03:47,890 - DEBUG - Processing node (0, 0)
2025-03-27 16:03:47,890 - DEBUG - Moving to (0, 1) with direction right
2025-03-27 16:03:47,890 - DEBUG - Moving to (1, 0) with direction down
2025-03-27 16:03:47,890 - DEBUG - Processing node (0, 1)
2025-03-27 16:03:47,890 - DEBUG - Moving to (0, 2) with direction right
2025-03-27 16:03:47,890 - DEBUG - Moving to (1, 1) with direction down
2025-03-27 16:03:47,890 - DEBUG - Processing node (0, 2)
2025-03-27 16:03:47,890 - DEBUG - Moving to (0, 3) with direction right
2025-03-27 16:03:47,891 - DEBUG - Moving to (1, 2) with direction down
2025-03-27 16:03:47,891 - DEBUG - Processing node (0, 3)
2025-03-27 16:03:47,891 - DEBUG - Moving to (1, 3) with direction down
2025-03-27 16:03:47,891 - DEBUG - Processing node (1, 0)
2025-03-27 16:03:47,891 - DEBUG - Moving to (2, 0) with direction down
2025-03-27 16:03:47,891 - DEBUG - Processing node (1, 1)
2025-03-27 16:03:47,891 - DEBUG - Moving to (2, 1) with direction down
2025-03-27 16:03:47,891 - DEBUG - Processing node (1, 2)
2025-03-27 16:03:47,891 - DEBUG - Moving to (2, 2) with direction down
2025-03-27 16:03:47,891 - DEBUG - Processing node (1, 3)
2025-03-27 16:03:47,891 - DEBUG - Moving to (2, 3) with direction down
2025-03-27 16:03:47,891 - DEBUG - Processing node (2, 0)
2025-03-27 16:03:47,891 - DEBUG - Moving to (3, 0) with direction down
2025-03-27 16:03:47,891 - DEBUG - Processing node (2, 1)
2025-03-27 16:03:47,891 - DEBUG - Moving to (3, 1) with direction down
2025-03-27 16:03:47,891 - DEBUG - Processing node (2, 2)
2025-03-27 16:03:47,891 - DEBUG - Moving to (3, 2) with direction down
2025-03-27 16:03:47,891 - DEBUG - Processing node (2, 3)
2025-03-27 16:03:47,891 - DEBUG - Moving to (3, 3) with direction down
2025-03-27 16:03:47,891 - DEBUG - Processing node (3, 0)
2025-03-27 16:03:47,892 - DEBUG - Processing node (3, 1)
2025-03-27 16:03:47,892 - DEBUG - Processing node (3, 2)
2025-03-27 16:03:47,892 - DEBUG - Processing node (3, 3)
2025-03-27 16:03:47,892 - INFO - Goal reached at (3, 3)
2025-03-27 16:03:47,892 - INFO - Reconstructed path: [(0, 0), (0, 1), (0, 2), (0, 3), (1, 3), (2, 3), (3, 3)]
2025-03-27 16:03:47,892 - INFO - Starting A* from (0, 0) to (5, 0)
2025-03-27 16:03:47,892 - DEBUG - Processing node (0, 0)
2025-03-27 16:03:47,892 - DEBUG - Moving to (0, 1) with direction right
2025-03-27 16:03:47,892 - DEBUG - Moving to (1, 0) with direction down
2025-03-27 16:03:47,892 - DEBUG - Processing node (1, 0)
2025-03-27 16:03:47,892 - DEBUG - Moving to (1, 1) with direction right
2025-03-27 16:03:47,892 - DEBUG - Processing node (0, 1)
2025-03-27 16:03:47,892 - DEBUG - Moving to (0, 2) with direction right
2025-03-27 16:03:47,892 - DEBUG - Processing node (1, 1)
2025-03-27 16:03:47,892 - DEBUG - Moving to (1, 2) with direction right
2025-03-27 16:03:47,892 - DEBUG - Processing node (0, 2)
2025-03-27 16:03:47,892 - DEBUG - Moving to (0, 3) with direction right
2025-03-27 16:03:47,892 - DEBUG - Processing node (1, 2)
2025-03-27 16:03:47,893 - DEBUG - Moving to (1, 3) with direction right
2025-03-27 16:03:47,893 - DEBUG - Processing node (0, 3)
2025-03-27 16:03:47,893 - DEBUG - Moving to (0, 4) with direction right
2025-03-27 16:03:47,893 - DEBUG - Processing node (1, 3)
2025-03-27 16:03:47,893 - DEBUG - Moving to (1, 4) with direction right
2025-03-27 16:03:47,893 - DEBUG - Processing node (0, 4)
2025-03-27 16:03:47,893 - DEBUG - Moving to (0, 5) with direction right
2025-03-27 16:03:47,893 - DEBUG - Processing node (1, 4)
2025-03-27 16:03:47,893 - DEBUG - Moving to (1, 5) with direction right
2025-03-27 16:03:47,893 - DEBUG - Processing node (0, 5)
2025-03-27 16:03:47,893 - DEBUG - Moving to (0, 6) with direction right
2025-03-27 16:03:47,893 - DEBUG - Processing node (1, 5)
2025-03-27 16:03:47,893 - DEBUG - Moving to (1, 6) with direction right
2025-03-27 16:03:47,893 - DEBUG - Processing node (0, 6)
2025-03-27 16:03:47,893 - DEBUG - Moving to (0, 7) with direction right
2025-03-27 16:03:47,893 - DEBUG - Processing node (1, 6)
2025-03-27 16:03:47,893 - DEBUG - Moving to (1, 7) with direction right
2025-03-27 16:03:47,893 - DEBUG - Processing node (0, 7)
2025-03-27 16:03:47,894 - DEBUG - Moving to (0, 8) with direction right
2025-03-27 16:03:47,894 - DEBUG - Processing node (1, 7)
2025-03-27 16:03:47,894 - DEBUG - Moving to (1, 8) with direction right
2025-03-27 16:03:47,894 - DEBUG - Processing node (0, 8)
2025-03-27 16:03:47,894 - DEBUG - Processing node (1, 8)
2025-03-27 16:03:47,894 - DEBUG - Moving to (2, 8) with direction down
2025-03-27 16:03:47,894 - DEBUG - Processing node (2, 8)
2025-03-27 16:03:47,894 - DEBUG - Moving to (3, 8) with direction down
2025-03-27 16:03:47,894 - DEBUG - Processing node (3, 8)
2025-03-27 16:03:47,894 - DEBUG - Moving to (4, 8) with direction down
2025-03-27 16:03:47,894 - DEBUG - Processing node (4, 8)
2025-03-27 16:03:47,894 - DEBUG - Moving to (5, 8) with direction down
2025-03-27 16:03:47,894 - DEBUG - Moving to (4, 7) with direction left
2025-03-27 16:03:47,894 - DEBUG - Processing node (4, 7)
2025-03-27 16:03:47,894 - DEBUG - Moving to (5, 7) with direction down
2025-03-27 16:03:47,894 - DEBUG - Moving to (4, 6) with direction left
2025-03-27 16:03:47,894 - DEBUG - Processing node (4, 6)
2025-03-27 16:03:47,894 - DEBUG - Moving to (5, 6) with direction down
2025-03-27 16:03:47,894 - DEBUG - Moving to (4, 5) with direction left
2025-03-27 16:03:47,894 - DEBUG - Processing node (4, 5)
2025-03-27 16:03:47,894 - DEBUG - Moving to (5, 5) with direction down
2025-03-27 16:03:47,894 - DEBUG - Moving to (4, 4) with direction left
2025-03-27 16:03:47,894 - DEBUG - Processing node (4, 4)
2025-03-27 16:03:47,894 - DEBUG - Moving to (5, 4) with direction down
2025-03-27 16:03:47,894 - DEBUG - Moving to (4, 3) with direction left
2025-03-27 16:03:47,895 - DEBUG - Processing node (4, 3)
2025-03-27 16:03:47,895 - DEBUG - Moving to (5, 3) with direction down
2025-03-27 16:03:47,895 - DEBUG - Moving to (4, 2) with direction left
2025-03-27 16:03:47,895 - DEBUG - Processing node (4, 2)
2025-03-27 16:03:47,895 - DEBUG - Moving to (5, 2) with direction down
2025-03-27 16:03:47,895 - DEBUG - Moving to (4, 1) with direction left
2025-03-27 16:03:47,895 - DEBUG - Processing node (4, 1)
2025-03-27 16:03:47,895 - DEBUG - Moving to (5, 1) with direction down
2025-03-27 16:03:47,895 - DEBUG - Moving to (4, 0) with direction left
2025-03-27 16:03:47,895 - DEBUG - Processing node (4, 0)
2025-03-27 16:03:47,895 - DEBUG - Moving to (5, 0) with direction down
2025-03-27 16:03:47,895 - DEBUG - Processing node (5, 0)
2025-03-27 16:03:47,895 - INFO - Goal reached at (5, 0)
2025-03-27 16:03:47,895 - INFO - Reconstructed path: [(0, 0), (1, 0), (1, 1), (1, 2), (1, 3), (1, 4), (1, 5), (1, 6), (1, 7), (1, 8), (2, 8), (3, 8), (4, 8), (4, 7), (4, 6), (4, 5), (4, 4), (4, 3), (4, 2), (4, 1), (4, 0), (5, 0)]
2025-03-27 16:03:47,895 - INFO - Starting A* from (0, 0) to (5, 0)
2025-03-27 16:03:47,895 - DEBUG - Processing node (0, 0)
2025-03-27 16:03:47,895 - DEBUG - Moving to (0, 1) with direction right
2025-03-27 16:03:47,895 - DEBUG - Moving to (1, 0) with direction down
2025-03-27 16:03:47,895 - DEBUG - Processing node (1, 0)
2025-03-27 16:03:47,895 - DEBUG - Moving to (1, 1) with direction right
2025-03-27 16:03:47,895 - DEBUG - Underground belt from (1, 0) to (4, 0) in direction down
2025-03-27 16:03:47,895 - DEBUG - Processing node (4, 0)
2025-03-27 16:03:47,895 - DEBUG - Moving to (4, 1) with direction right
2025-03-27 16:03:47,896 - DEBUG - Moving to (5, 0) with direction down
2025-03-27 16:03:47,896 - DEBUG - Processing node (5, 0)
2025-03-27 16:03:47,896 - INFO - Goal reached at (5, 0)
2025-03-27 16:03:47,896 - INFO - Reconstructed path: [(0, 0), (1, 0), (4, 0), (5, 0)]
2025-03-27 16:03:47,896 - INFO - Starting A* from (0, 0) to (3, 0)
2025-03-27 16:03:47,896 - DEBUG - Processing node (0, 0)
2025-03-27 16:03:47,896 - DEBUG - Moving to (0, 1) with direction right
2025-03-27 16:03:47,896 - DEBUG - Moving to (1, 0) with direction down
2025-03-27 16:03:47,896 - DEBUG - Processing node (1, 0)
2025-03-27 16:03:47,896 - DEBUG - Moving to (2, 0) with direction down
2025-03-27 16:03:47,896 - DEBUG - Processing node (2, 0)
2025-03-27 16:03:47,896 - DEBUG - Moving to (3, 0) with direction down
2025-03-27 16:03:47,896 - DEBUG - Processing node (3, 0)
2025-03-27 16:03:47,896 - INFO - Goal reached at (3, 0)
2025-03-27 16:03:47,896 - INFO - Reconstructed path: [(0, 0), (1, 0), (2, 0), (3, 0)]
2025-03-27 16:03:47,896 - INFO - Attempting path for item1 from (0, 0) to (3, 3)
2025-03-27 16:03:47,896 - INFO - Starting A* from (0, 0) to (3, 3)
2025-03-27 16:03:47,897 - DEBUG - Processing node (0, 0)
2025-03-27 16:03:47,897 - DEBUG - Moving to (0, 1) with direction right
2025-03-27 16:03:47,897 - DEBUG - Moving to (1, 0) with direction down
2025-03-27 16:03:47,897 - DEBUG - Processing node (0, 1)
2025-03-27 16:03:47,897 - DEBUG - Moving to (0, 2) with direction right
2025-03-27 16:03:47,897 - DEBUG - Processing node (0, 2)
2025-03-27 16:03:47,897 - DEBUG - Moving to (0, 3) with direction right
2025-03-27 16:03:47,897 - DEBUG - Moving to (1, 2) with direction down
2025-03-27 16:03:47,897 - DEBUG - Processing node (0, 3)
2025-03-27 16:03:47,897 - DEBUG - Moving to (1, 3) with direction down
2025-03-27 16:03:47,897 - DEBUG - Processing node (1, 0)
2025-03-27 16:03:47,897 - DEBUG - Moving to (2, 0) with direction down
2025-03-27 16:03:47,897 - DEBUG - Processing node (1, 2)
2025-03-27 16:03:47,897 - DEBUG - Moving to (2, 2) with direction down
2025-03-27 16:03:47,897 - DEBUG - Processing node (1, 3)
2025-03-27 16:03:47,897 - DEBUG - Moving to (2, 3) with direction down
2025-03-27 16:03:47,897 - DEBUG - Processing node (2, 0)
2025-03-27 16:03:47,897 - DEBUG - Moving to (2, 1) with direction right
2025-03-27 16:03:47,897 - DEBUG - Moving to (3, 0) with direction down
2025-03-27 16:03:47,897 - DEBUG - Processing node (2, 1)
2025-03-27 16:03:47,897 - DEBUG - Moving to (3, 1) with direction down
2025-03-27 16:03:47,897 - DEBUG - Processing node (2, 2)
2025-03-27 16:03:47,898 - DEBUG - Moving to (3, 2) with direction down
2025-03-27 16:03:47,898 - DEBUG - Processing node (2, 3)
2025-03-27 16:03:47,898 - DEBUG - Moving to (3, 3) with direction down
2025-03-27 16:03:47,898 - DEBUG - Processing node (3, 0)
2025-03-27 16:03:47,898 - DEBUG - Processing node (3, 1)
2025-03-27 16:03:47,898 - DEBUG - Processing node (3, 2)
2025-03-27 16:03:47,898 - DEBUG - Processing node (3, 3)
2025-03-27 16:03:47,898 - INFO - Goal reached at (3, 3)
2025-03-27 16:03:47,898 - INFO - Reconstructed path: [(0, 0), (0, 1), (0, 2), (0, 3), (1, 3), (2, 3), (3, 3)]
2025-03-27 16:03:47,898 - INFO - Added splitter splitter_iron_plate_0 at (5, 0) facing down for iron_plate
2025-03-27 16:03:47,898 - INFO - Added splitter splitter_iron_plate_1 at (5, 2) facing down for iron_plate
2025-03-27 16:03:47,898 - INFO - Attempting path for item1 from (0, 0) to (6, 0)
2025-03-27 16:03:47,898 - INFO - Starting A* from (0, 0) to (4, 0)
2025-03-27 16:03:47,898 - DEBUG - Processing node (0, 0)
2025-03-27 16:03:47,898 - DEBUG - Moving to (0, 1) with direction right
2025-03-27 16:03:47,898 - DEBUG - Moving to (1, 0) with direction down
2025-03-27 16:03:47,899 - DEBUG - Processing node (1, 0)
2025-03-27 16:03:47,899 - DEBUG - Moving to (1, 1) with direction right
2025-03-27 16:03:47,899 - DEBUG - Moving to (2, 0) with direction down
2025-03-27 16:03:47,899 - DEBUG - Processing node (2, 0)
2025-03-27 16:03:47,899 - DEBUG - Moving to (2, 1) with direction right
2025-03-27 16:03:47,899 - DEBUG - Moving to (3, 0) with direction down
2025-03-27 16:03:47,899 - DEBUG - Processing node (3, 0)
2025-03-27 16:03:47,899 - DEBUG - Moving to (3, 1) with direction right
2025-03-27 16:03:47,899 - DEBUG - Moving to (4, 0) with direction down
2025-03-27 16:03:47,899 - DEBUG - Processing node (4, 0)
2025-03-27 16:03:47,899 - INFO - Goal reached at (4, 0)
2025-03-27 16:03:47,899 - INFO - Reconstructed path: [(0, 0), (1, 0), (2, 0), (3, 0), (4, 0)]
2025-03-27 16:03:47,899 - INFO - Starting A* from (6, 0) to (6, 0)
2025-03-27 16:03:47,899 - DEBUG - Processing node (6, 0)
2025-03-27 16:03:47,899 - INFO - Goal reached at (6, 0)
2025-03-27 16:03:47,899 - INFO - Reconstructed path: [(6, 0)]
2025-03-27 16:03:47,899 - INFO - Attempting path for item2 from (0, 2) to (6, 2)
2025-03-27 16:03:47,899 - INFO - Starting A* from (0, 2) to (4, 1)
2025-03-27 16:03:47,899 - DEBUG - Processing node (0, 2)
2025-03-27 16:03:47,899 - DEBUG - Moving to (0, 3) with direction right
2025-03-27 16:03:47,899 - DEBUG - Moving to (1, 2) with direction down
2025-03-27 16:03:47,899 - DEBUG - Moving to (0, 1) with direction left
2025-03-27 16:03:47,900 - DEBUG - Processing node (0, 1)
2025-03-27 16:03:47,900 - DEBUG - Moving to (1, 1) with direction down
2025-03-27 16:03:47,900 - DEBUG - Processing node (1, 1)
2025-03-27 16:03:47,900 - DEBUG - Moving to (2, 1) with direction down
2025-03-27 16:03:47,900 - DEBUG - Processing node (1, 2)
2025-03-27 16:03:47,900 - DEBUG - Moving to (1, 3) with direction right
2025-03-27 16:03:47,900 - DEBUG - Moving to (2, 2) with direction down
2025-03-27 16:03:47,900 - DEBUG - Processing node (2, 1)
2025-03-27 16:03:47,900 - DEBUG - Moving to (3, 1) with direction down
2025-03-27 16:03:47,900 - DEBUG - Processing node (2, 2)
2025-03-27 16:03:47,900 - DEBUG - Moving to (2, 3) with direction right
2025-03-27 16:03:47,900 - DEBUG - Moving to (3, 2) with direction down
2025-03-27 16:03:47,900 - DEBUG - Processing node (3, 1)
2025-03-27 16:03:47,900 - DEBUG - Moving to (4, 1) with direction down
2025-03-27 16:03:47,900 - DEBUG - Processing node (3, 2)
2025-03-27 16:03:47,900 - DEBUG - Moving to (3, 3) with direction right
2025-03-27 16:03:47,900 - DEBUG - Moving to (4, 2) with direction down
2025-03-27 16:03:47,900 - DEBUG - Processing node (4, 1)
2025-03-27 16:03:47,900 - INFO - Goal reached at (4, 1)
2025-03-27 16:03:47,900 - INFO - Reconstructed path: [(0, 2), (0, 1), (1, 1), (2, 1), (3, 1), (4, 1)]
2025-03-27 16:03:47,900 - INFO - Starting A* from (6, 0) to (6, 2)
2025-03-27 16:03:47,900 - DEBUG - Processing node (6, 0)
2025-03-27 16:03:47,901 - DEBUG - Moving to (6, 1) with direction right
2025-03-27 16:03:47,901 - DEBUG - Moving to (5, 0) with direction up
2025-03-27 16:03:47,901 - DEBUG - Processing node (6, 1)
2025-03-27 16:03:47,901 - DEBUG - Moving to (6, 2) with direction right
2025-03-27 16:03:47,901 - DEBUG - Moving to (5, 1) with direction up
2025-03-27 16:03:47,901 - DEBUG - Processing node (6, 2)
2025-03-27 16:03:47,901 - INFO - Goal reached at (6, 2)
2025-03-27 16:03:47,901 - INFO - Reconstructed path: [(6, 0), (6, 1), (6, 2)]
2025-03-27 16:03:47,902 - INFO - Added splitter splitter1 at (3, 1) facing down for iron_plate
2025-03-27 16:03:47,902 - INFO - Added splitter splitter_iron_plate_0 at (5, 0) facing down for iron_plate
2025-03-27 16:03:47,902 - INFO - Attempting path for item1 from (0, 0) to (6, 0)
2025-03-27 16:03:47,902 - INFO - Starting A* from (0, 0) to (2, 1)
2025-03-27 16:03:47,902 - DEBUG - Processing node (0, 0)
2025-03-27 16:03:47,902 - DEBUG - Moving to (0, 1) with direction right
2025-03-27 16:03:47,902 - DEBUG - Moving to (1, 0) with direction down
2025-03-27 16:03:47,902 - DEBUG - Processing node (0, 1)
2025-03-27 16:03:47,902 - DEBUG - Moving to (0, 2) with direction right
2025-03-27 16:03:47,902 - DEBUG - Moving to (1, 1) with direction down
2025-03-27 16:03:47,902 - DEBUG - Processing node (1, 0)
2025-03-27 16:03:47,902 - DEBUG - Moving to (2, 0) with direction down
2025-03-27 16:03:47,902 - DEBUG - Processing node (1, 1)
2025-03-27 16:03:47,902 - DEBUG - Moving to (1, 2) with direction right
2025-03-27 16:03:47,902 - DEBUG - Moving to (2, 1) with direction down
2025-03-27 16:03:47,902 - DEBUG - Processing node (2, 0)
2025-03-27 16:03:47,902 - DEBUG - Moving to (3, 0) with direction down
2025-03-27 16:03:47,902 - DEBUG - Processing node (2, 1)
2025-03-27 16:03:47,902 - INFO - Goal reached at (2, 1)
2025-03-27 16:03:47,902 - INFO - Reconstructed path: [(0, 0), (0, 1), (1, 1), (2, 1)]
2025-03-27 16:03:47,903 - INFO - Starting A* from (4, 1) to (6, 0)
2025-03-27 16:03:47,903 - DEBUG - Processing node (4, 1)
2025-03-27 16:03:47,903 - DEBUG - Moving to (4, 2) with direction right
2025-03-27 16:03:47,903 - DEBUG - Using splitter from (4, 1) to (6, 0)
2025-03-27 16:03:47,903 - DEBUG - Moving to (5, 1) with direction down
2025-03-27 16:03:47,903 - DEBUG - Moving to (4, 0) with direction left
2025-03-27 16:03:47,903 - DEBUG - Processing node (6, 0)
2025-03-27 16:03:47,903 - INFO - Goal reached at (6, 0)
2025-03-27 16:03:47,903 - INFO - Reconstructed path: [(4, 1), (6, 0)]
2025-03-27 16:03:47,903 - INFO - Attempting path for item2 from (0, 3) to (6, 3)
2025-03-27 16:03:47,904 - INFO - Starting A* from (0, 3) to (2, 1)
2025-03-27 16:03:47,904 - DEBUG - Processing node (0, 3)
2025-03-27 16:03:47,904 - DEBUG - Moving to (1, 3) with direction down
2025-03-27 16:03:47,904 - DEBUG - Moving to (0, 2) with direction left
2025-03-27 16:03:47,904 - DEBUG - Processing node (0, 2)
2025-03-27 16:03:47,904 - DEBUG - Moving to (1, 2) with direction down
2025-03-27 16:03:47,904 - DEBUG - Processing node (1, 2)
2025-03-27 16:03:47,904 - DEBUG - Moving to (2, 2) with direction down
2025-03-27 16:03:47,904 - DEBUG - Processing node (1, 3)
2025-03-27 16:03:47,904 - DEBUG - Moving to (2, 3) with direction down
2025-03-27 16:03:47,904 - DEBUG - Processing node (2, 2)
2025-03-27 16:03:47,904 - DEBUG - Using splitter from (2, 2) to (4, 1)
2025-03-27 16:03:47,904 - DEBUG - Processing node (2, 3)
2025-03-27 16:03:47,904 - DEBUG - Moving to (3, 3) with direction down
2025-03-27 16:03:47,904 - DEBUG - Processing node (3, 3)
2025-03-27 16:03:47,904 - DEBUG - Moving to (4, 3) with direction down
2025-03-27 16:03:47,904 - DEBUG - Processing node (4, 1)
2025-03-27 16:03:47,905 - DEBUG - Moving to (4, 2) with direction right
2025-03-27 16:03:47,905 - DEBUG - Moving to (5, 1) with direction down
2025-03-27 16:03:47,905 - DEBUG - Moving to (4, 0) with direction left
2025-03-27 16:03:47,905 - DEBUG - Processing node (4, 3)
2025-03-27 16:03:47,905 - DEBUG - Moving to (5, 3) with direction down
2025-03-27 16:03:47,905 - DEBUG - Moving to (4, 2) with direction left
2025-03-27 16:03:47,905 - DEBUG - Processing node (4, 2)
2025-03-27 16:03:47,905 - DEBUG - Moving to (5, 2) with direction down
2025-03-27 16:03:47,905 - DEBUG - Processing node (4, 0)
2025-03-27 16:03:47,905 - DEBUG - Moving to (5, 0) with direction down
2025-03-27 16:03:47,905 - DEBUG - Moving to (3, 0) with direction up
2025-03-27 16:03:47,905 - DEBUG - Processing node (3, 0)
2025-03-27 16:03:47,905 - DEBUG - Moving to (2, 0) with direction up
2025-03-27 16:03:47,905 - DEBUG - Processing node (2, 0)
2025-03-27 16:03:47,905 - DEBUG - Moving to (1, 0) with direction up
2025-03-27 16:03:47,905 - DEBUG - Processing node (4, 2)
2025-03-27 16:03:47,905 - DEBUG - Processing node (5, 1)
2025-03-27 16:03:47,906 - DEBUG - Moving to (6, 1) with direction down
2025-03-27 16:03:47,906 - DEBUG - Processing node (5, 2)
2025-03-27 16:03:47,906 - DEBUG - Moving to (6, 2) with direction down
2025-03-27 16:03:47,906 - DEBUG - Processing node (5, 3)
2025-03-27 16:03:47,906 - DEBUG - Moving to (6, 3) with direction down
2025-03-27 16:03:47,906 - DEBUG - Processing node (1, 0)
2025-03-27 16:03:47,906 - DEBUG - Processing node (5, 0)
2025-03-27 16:03:47,906 - DEBUG - Processing node (6, 1)
2025-03-27 16:03:47,906 - DEBUG - Processing node (6, 2)
2025-03-27 16:03:47,906 - DEBUG - Processing node (6, 3)
2025-03-27 16:03:47,906 - INFO - No path found
2025-03-27 16:03:47,906 - INFO - Starting A* from (0, 3) to (2, 2)
2025-03-27 16:03:47,906 - DEBUG - Processing node (0, 3)
2025-03-27 16:03:47,906 - DEBUG - Moving to (1, 3) with direction down
2025-03-27 16:03:47,906 - DEBUG - Moving to (0, 2) with direction left
2025-03-27 16:03:47,906 - DEBUG - Processing node (0, 2)
2025-03-27 16:03:47,906 - DEBUG - Moving to (1, 2) with direction down
2025-03-27 16:03:47,906 - DEBUG - Processing node (1, 2)
2025-03-27 16:03:47,906 - DEBUG - Moving to (2, 2) with direction down
2025-03-27 16:03:47,906 - DEBUG - Processing node (1, 3)
2025-03-27 16:03:47,907 - DEBUG - Moving to (2, 3) with direction down
2025-03-27 16:03:47,907 - DEBUG - Processing node (2, 2)
2025-03-27 16:03:47,907 - INFO - Goal reached at (2, 2)
2025-03-27 16:03:47,907 - INFO - Reconstructed path: [(0, 3), (0, 2), (1, 2), (2, 2)]
2025-03-27 16:03:47,907 - INFO - Starting A* from (4, 1) to (6, 3)
2025-03-27 16:03:47,907 - DEBUG - Processing node (4, 1)
2025-03-27 16:03:47,907 - DEBUG - Moving to (4, 2) with direction right
2025-03-27 16:03:47,907 - DEBUG - Moving to (5, 1) with direction down
2025-03-27 16:03:47,907 - DEBUG - Moving to (4, 0) with direction left
2025-03-27 16:03:47,907 - DEBUG - Processing node (4, 2)
2025-03-27 16:03:47,907 - DEBUG - Moving to (4, 3) with direction right
2025-03-27 16:03:47,907 - DEBUG - Moving to (5, 2) with direction down
2025-03-27 16:03:47,907 - DEBUG - Processing node (4, 3)
2025-03-27 16:03:47,907 - DEBUG - Moving to (5, 3) with direction down
2025-03-27 16:03:47,907 - DEBUG - Moving to (3, 3) with direction up
2025-03-27 16:03:47,907 - DEBUG - Processing node (5, 1)
2025-03-27 16:03:47,907 - DEBUG - Moving to (6, 1) with direction down
2025-03-27 16:03:47,907 - DEBUG - Moving to (5, 0) with direction left
2025-03-27 16:03:47,907 - DEBUG - Processing node (5, 2)
2025-03-27 16:03:47,907 - DEBUG - Moving to (6, 2) with direction down
2025-03-27 16:03:47,908 - DEBUG - Processing node (5, 3)
2025-03-27 16:03:47,908 - DEBUG - Moving to (6, 3) with direction down
2025-03-27 16:03:47,908 - DEBUG - Processing node (6, 1)
2025-03-27 16:03:47,908 - DEBUG - Processing node (6, 2)
2025-03-27 16:03:47,908 - DEBUG - Processing node (6, 3)
2025-03-27 16:03:47,908 - INFO - Goal reached at (6, 3)
2025-03-27 16:03:47,908 - INFO - Reconstructed path: [(4, 1), (4, 2), (4, 3), (5, 3), (6, 3)]
2025-03-27 16:03:47,908 - INFO - Reconstructed path: [(0, 0), (1, 0), (2, 0), (2, 1), (2, 2)]
2025-03-27 16:03:47,908 - INFO - Added splitter splitter1 at (2, 1) facing down for iron_plate
2025-03-27 16:03:47,908 - INFO - Starting A* from (0, 0) to (7, 0)
2025-03-27 16:03:47,908 - DEBUG - Processing node (0, 0)
2025-03-27 16:03:47,908 - DEBUG - Moving to (0, 1) with direction right
2025-03-27 16:03:47,908 - DEBUG - Moving to (1, 0) with direction down
2025-03-27 16:03:47,908 - DEBUG - Processing node (1, 0)
2025-03-27 16:03:47,908 - DEBUG - Moving to (1, 1) with direction right
2025-03-27 16:03:47,908 - DEBUG - Moving to (2, 0) with direction down
2025-03-27 16:03:47,909 - DEBUG - Underground belt from (1, 0) to (4, 0) in direction down
2025-03-27 16:03:47,909 - DEBUG - Processing node (2, 0)
2025-03-27 16:03:47,909 - DEBUG - Moving to (2, 1) with direction right
2025-03-27 16:03:47,909 - DEBUG - Processing node (4, 0)
2025-03-27 16:03:47,909 - DEBUG - Moving to (4, 1) with direction right
2025-03-27 16:03:47,909 - DEBUG - Moving to (5, 0) with direction down
2025-03-27 16:03:47,909 - DEBUG - Processing node (5, 0)
2025-03-27 16:03:47,909 - DEBUG - Moving to (5, 1) with direction right
2025-03-27 16:03:47,909 - DEBUG - Moving to (6, 0) with direction down
2025-03-27 16:03:47,909 - DEBUG - Processing node (6, 0)
2025-03-27 16:03:47,909 - DEBUG - Moving to (6, 1) with direction right
2025-03-27 16:03:47,909 - DEBUG - Moving to (7, 0) with direction down
2025-03-27 16:03:47,909 - DEBUG - Processing node (7, 0)
2025-03-27 16:03:47,909 - INFO - Goal reached at (7, 0)
2025-03-27 16:03:47,909 - INFO - Reconstructed path: [(0, 0), (1, 0), (4, 0), (5, 0), (6, 0), (7, 0)]
2025-03-27 16:03:47,909 - INFO - Starting A* from (6, 0) to (0, 0)
2025-03-27 16:03:47,909 - DEBUG - Processing node (6, 0)
2025-03-27 16:03:47,909 - DEBUG - Moving to (6, 1) with direction right
2025-03-27 16:03:47,909 - DEBUG - Moving to (7, 0) with direction down
2025-03-27 16:03:47,909 - DEBUG - Moving to (5, 0) with direction up
2025-03-27 16:03:47,910 - DEBUG - Underground belt from (6, 0) to (2, 0) in direction up
2025-03-27 16:03:47,910 - DEBUG - Processing node (5, 0)
2025-03-27 16:03:47,910 - DEBUG - Moving to (5, 1) with direction right
2025-03-27 16:03:47,910 - DEBUG - Moving to (4, 0) with direction up
2025-03-27 16:03:47,910 - DEBUG - Processing node (4, 0)
2025-03-27 16:03:47,910 - DEBUG - Moving to (4, 1) with direction right
2025-03-27 16:03:47,910 - DEBUG - Processing node (2, 0)
2025-03-27 16:03:47,910 - DEBUG - Moving to (2, 1) with direction right
2025-03-27 16:03:47,910 - DEBUG - Moving to (1, 0) with direction up
2025-03-27 16:03:47,910 - DEBUG - Processing node (1, 0)
2025-03-27 16:03:47,910 - DEBUG - Moving to (1, 1) with direction right
2025-03-27 16:03:47,910 - DEBUG - Moving to (0, 0) with direction up
2025-03-27 16:03:47,910 - DEBUG - Processing node (0, 0)
2025-03-27 16:03:47,910 - INFO - Goal reached at (0, 0)
2025-03-27 16:03:47,910 - INFO - Reconstructed path: [(6, 0), (2, 0), (1, 0), (0, 0)]
