2024-11-26 13:36:52,490 - INFO - Starting to add manual I/O constraints.
2024-11-26 13:36:52,490 - DEBUG - Processing input item 'copper-plate' with data: {'input': (0, 0), 'output': (13, 0), 'grid': [[0, 2, 2, 2, 2, 2, 2, 2, 2, 2, 2, 2, 2, 0], [0, 0, 0, 0, 0, 0, 0, 0, 0, 0, 0, 0, 0, 0], [0, 0, 0, 0, 0, 0, 0, 0, 0, 0, 0, 0, 0, 0], [0, 0, 0, 0, 0, 0, 0, 0, 0, 0, 0, 0, 0, 0], [0, 0, 0, 0, 0, 0, 0, 0, 0, 0, 0, 0, 0, 0], [0, 0, 0, 0, 0, 0, 0, 0, 0, 0, 0, 0, 0, 0], [0, 0, 0, 0, 0, 0, 0, 0, 0, 0, 0, 0, 0, 0], [0, 0, 0, 0, 0, 0, 0, 0, 0, 0, 0, 0, 0, 0], [0, 0, 0, 0, 0, 0, 0, 0, 0, 0, 0, 0, 0, 0], [0, 0, 0, 0, 0, 0, 0, 0, 0, 0, 0, 0, 0, 0], [0, 0, 0, 0, 0, 0, 0, 0, 0, 0, 0, 0, 0, 0], [0, 0, 0, 0, 0, 0, 0, 0, 0, 0, 0, 0, 0, 0], [0, 0, 0, 0, 0, 0, 0, 0, 0, 0, 0, 0, 0, 0], [0, 0, 0, 0, 0, 0, 0, 0, 0, 0, 0, 0, 0, 0]], 'direction_grid': [[None, 'right', 'right', 'right', 'right', 'right', 'right', 'right', 'right', 'right', 'right', 'right', 'right', None], [None, None, None, None, None, None, None, None, None, None, None, None, None, None], [None, None, None, None, None, None, None, None, None, None, None, None, None, None], [None, None, None, None, None, None, None, None, None, None, None, None, None, None], [None, None, None, None, None, None, None, None, None, None, None, None, None, None], [None, None, None, None, None, None, None, None, None, None, None, None, None, None], [None, None, None, None, None, None, None, None, None, None, None, None, None, None], [None, None, None, None, None, None, None, None, None, None, None, None, None, None], [None, None, None, None, None, None, None, None, None, None, None, None, None, None], [None, None, None, None, None, None, None, None, None, None, None, None, None, None], [None, None, None, None, None, None, None, None, None, None, None, None, None, None], [None, None, None, None, None, None, None, None, None, None, None, None, None, None], [None, None, None, None, None, None, None, None, None, None, None, None, None, None], [None, None, None, None, None, None, None, None, None, None, None, None, None, None]]}
2024-11-26 13:36:52,490 - INFO - Adding input belt for item 'copper-plate' at position (0, 0)
2024-11-26 13:36:52,490 - INFO - Adding output belt for item 'copper-plate' at position (13, 0)
2024-11-26 13:36:52,490 - DEBUG - Processing grid path for input item 'copper-plate'
2024-11-26 13:36:52,491 - INFO - Adding belt path for 'copper-plate' at grid position (0, 1)
2024-11-26 13:36:52,491 - INFO - Adding belt path for 'copper-plate' at grid position (0, 2)
2024-11-26 13:36:52,491 - INFO - Adding belt path for 'copper-plate' at grid position (0, 3)
2024-11-26 13:36:52,491 - INFO - Adding belt path for 'copper-plate' at grid position (0, 4)
2024-11-26 13:36:52,491 - INFO - Adding belt path for 'copper-plate' at grid position (0, 5)
2024-11-26 13:36:52,491 - INFO - Adding belt path for 'copper-plate' at grid position (0, 6)
2024-11-26 13:36:52,492 - INFO - Adding belt path for 'copper-plate' at grid position (0, 7)
2024-11-26 13:36:52,492 - INFO - Adding belt path for 'copper-plate' at grid position (0, 8)
2024-11-26 13:36:52,492 - INFO - Adding belt path for 'copper-plate' at grid position (0, 9)
2024-11-26 13:36:52,492 - INFO - Adding belt path for 'copper-plate' at grid position (0, 10)
2024-11-26 13:36:52,492 - INFO - Adding belt path for 'copper-plate' at grid position (0, 11)
2024-11-26 13:36:52,492 - INFO - Adding belt path for 'copper-plate' at grid position (0, 12)
2024-11-26 13:36:52,493 - DEBUG - Processing input item 'iron-plate' with data: {'input': (0, 11), 'output': (13, 11), 'grid': [[1, 1, 1, 1, 1, 1, 1, 1, 1, 1, 1, 1, 1, 1], [0, 0, 0, 0, 0, 0, 0, 0, 0, 0, 0, 0, 0, 0], [0, 0, 0, 0, 0, 0, 0, 0, 0, 0, 0, 0, 0, 0], [0, 0, 0, 0, 0, 0, 0, 0, 0, 0, 0, 0, 0, 0], [0, 0, 0, 0, 0, 0, 0, 0, 0, 0, 0, 0, 0, 0], [0, 0, 0, 0, 0, 0, 0, 0, 0, 0, 0, 0, 0, 0], [0, 0, 0, 0, 0, 0, 0, 0, 0, 0, 0, 0, 0, 0], [0, 0, 0, 0, 0, 0, 0, 0, 0, 0, 0, 0, 0, 0], [0, 0, 0, 0, 0, 0, 0, 0, 0, 0, 0, 0, 0, 0], [0, 0, 0, 0, 0, 0, 0, 0, 0, 0, 0, 0, 0, 0], [0, 0, 0, 0, 0, 0, 0, 0, 0, 0, 0, 0, 0, 0], [0, 2, 2, 2, 2, 2, 2, 2, 2, 2, 2, 2, 2, 0], [0, 0, 0, 0, 0, 0, 0, 0, 0, 0, 0, 0, 0, 0], [0, 0, 0, 0, 0, 0, 0, 0, 0, 0, 0, 0, 0, 0]], 'direction_grid': [[None, None, None, None, None, None, None, None, None, None, None, None, None, None], [None, None, None, None, None, None, None, None, None, None, None, None, None, None], [None, None, None, None, None, None, None, None, None, None, None, None, None, None], [None, None, None, None, None, None, None, None, None, None, None, None, None, None], [None, None, None, None, None, None, None, None, None, None, None, None, None, None], [None, None, None, None, None, None, None, None, None, None, None, None, None, None], [None, None, None, None, None, None, None, None, None, None, None, None, None, None], [None, None, None, None, None, None, None, None, None, None, None, None, None, None], [None, None, None, None, None, None, None, None, None, None, None, None, None, None], [None, None, None, None, None, None, None, None, None, None, None, None, None, None], [None, None, None, None, None, None, None, None, None, None, None, None, None, None], [None, 'right', 'right', 'right', 'right', 'right', 'right', 'right', 'right', 'right', 'right', 'right', 'right', None], [None, None, None, None, None, None, None, None, None, None, None, None, None, None], [None, None, None, None, None, None, None, None, None, None, None, None, None, None]]}
2024-11-26 13:36:52,493 - INFO - Adding input belt for item 'iron-plate' at position (0, 11)
2024-11-26 13:36:52,493 - INFO - Adding output belt for item 'iron-plate' at position (13, 11)
2024-11-26 13:36:52,493 - DEBUG - Processing grid path for input item 'iron-plate'
2024-11-26 13:36:52,493 - INFO - Adding belt path for 'iron-plate' at grid position (11, 1)
2024-11-26 13:36:52,493 - INFO - Adding belt path for 'iron-plate' at grid position (11, 2)
2024-11-26 13:36:52,493 - INFO - Adding belt path for 'iron-plate' at grid position (11, 3)
2024-11-26 13:36:52,494 - INFO - Adding belt path for 'iron-plate' at grid position (11, 4)
2024-11-26 13:36:52,494 - INFO - Adding belt path for 'iron-plate' at grid position (11, 5)
2024-11-26 13:36:52,494 - INFO - Adding belt path for 'iron-plate' at grid position (11, 6)
2024-11-26 13:36:52,494 - INFO - Adding belt path for 'iron-plate' at grid position (11, 7)
2024-11-26 13:36:52,494 - INFO - Adding belt path for 'iron-plate' at grid position (11, 8)
2024-11-26 13:36:52,494 - INFO - Adding belt path for 'iron-plate' at grid position (11, 9)
2024-11-26 13:36:52,494 - INFO - Adding belt path for 'iron-plate' at grid position (11, 10)
2024-11-26 13:36:52,494 - INFO - Adding belt path for 'iron-plate' at grid position (11, 11)
2024-11-26 13:36:52,494 - INFO - Adding belt path for 'iron-plate' at grid position (11, 12)
2024-11-26 13:36:52,494 - DEBUG - Processing output item 'electronic-circuit' with data: {'input': (0, 13), 'output': (13, 13), 'grid': [[1, 1, 1, 1, 1, 1, 1, 1, 1, 1, 1, 1, 1, 1], [0, 0, 0, 0, 0, 0, 0, 0, 0, 0, 0, 0, 0, 0], [0, 0, 0, 0, 0, 0, 0, 0, 0, 0, 0, 0, 0, 0], [0, 0, 0, 0, 0, 0, 0, 0, 0, 0, 0, 0, 0, 0], [0, 0, 0, 0, 0, 0, 0, 0, 0, 0, 0, 0, 0, 0], [0, 0, 0, 0, 0, 0, 0, 0, 0, 0, 0, 0, 0, 0], [0, 0, 0, 0, 0, 0, 0, 0, 0, 0, 0, 0, 0, 0], [0, 0, 0, 0, 0, 0, 0, 0, 0, 0, 0, 0, 0, 0], [0, 0, 0, 0, 0, 0, 0, 0, 0, 0, 0, 0, 0, 0], [0, 0, 0, 0, 0, 0, 0, 0, 0, 0, 0, 0, 0, 0], [0, 0, 0, 0, 0, 0, 0, 0, 0, 0, 0, 0, 0, 0], [1, 1, 1, 1, 1, 1, 1, 1, 1, 1, 1, 1, 1, 1], [0, 0, 0, 0, 0, 0, 0, 0, 0, 0, 0, 0, 0, 0], [0, 2, 2, 2, 2, 2, 2, 2, 2, 2, 2, 2, 2, 0]], 'direction_grid': [[None, None, None, None, None, None, None, None, None, None, None, None, None, None], [None, None, None, None, None, None, None, None, None, None, None, None, None, None], [None, None, None, None, None, None, None, None, None, None, None, None, None, None], [None, None, None, None, None, None, None, None, None, None, None, None, None, None], [None, None, None, None, None, None, None, None, None, None, None, None, None, None], [None, None, None, None, None, None, None, None, None, None, None, None, None, None], [None, None, None, None, None, None, None, None, None, None, None, None, None, None], [None, None, None, None, None, None, None, None, None, None, None, None, None, None], [None, None, None, None, None, None, None, None, None, None, None, None, None, None], [None, None, None, None, None, None, None, None, None, None, None, None, None, None], [None, None, None, None, None, None, None, None, None, None, None, None, None, None], [None, None, None, None, None, None, None, None, None, None, None, None, None, None], [None, None, None, None, None, None, None, None, None, None, None, None, None, None], [None, 'right', 'right', 'right', 'right', 'right', 'right', 'right', 'right', 'right', 'right', 'right', 'right', None]]}
2024-11-26 13:36:52,494 - INFO - Adding input belt for output item 'electronic-circuit' at position (0, 13)
2024-11-26 13:36:52,494 - INFO - Adding output belt for output item 'electronic-circuit' at position (13, 13)
2024-11-26 13:36:52,494 - DEBUG - Processing grid path for output item 'electronic-circuit'
2024-11-26 13:36:52,494 - INFO - Adding belt path for 'electronic-circuit' at grid position (13, 1)
2024-11-26 13:36:52,494 - INFO - Adding belt path for 'electronic-circuit' at grid position (13, 2)
2024-11-26 13:36:52,494 - INFO - Adding belt path for 'electronic-circuit' at grid position (13, 3)
2024-11-26 13:36:52,494 - INFO - Adding belt path for 'electronic-circuit' at grid position (13, 4)
2024-11-26 13:36:52,494 - INFO - Adding belt path for 'electronic-circuit' at grid position (13, 5)
2024-11-26 13:36:52,494 - INFO - Adding belt path for 'electronic-circuit' at grid position (13, 6)
2024-11-26 13:36:52,494 - INFO - Adding belt path for 'electronic-circuit' at grid position (13, 7)
2024-11-26 13:36:52,494 - INFO - Adding belt path for 'electronic-circuit' at grid position (13, 8)
2024-11-26 13:36:52,494 - INFO - Adding belt path for 'electronic-circuit' at grid position (13, 9)
2024-11-26 13:36:52,494 - INFO - Adding belt path for 'electronic-circuit' at grid position (13, 10)
2024-11-26 13:36:52,494 - INFO - Adding belt path for 'electronic-circuit' at grid position (13, 11)
2024-11-26 13:36:52,494 - INFO - Adding belt path for 'electronic-circuit' at grid position (13, 12)
2024-11-26 13:36:52,494 - INFO - Finished adding manual I/O constraints. Calling solver.
2024-11-26 13:36:52,494 - INFO - Solver check result: sat
2024-11-26 13:36:52,494 - INFO - Starting to create assemblers based on production data.
2024-11-26 13:36:52,494 - DEBUG - Processing item 'electronic-circuit' with production data: {'output_per_minute': 60, 'assemblers': 1, 'output_inserters': 1, 'input_inserters': [{'id': 'copper-cable', 'amount': 3}, {'id': 'iron-plate', 'amount': 1}], 'belts': 1, 'capacity': 0}
2024-11-26 13:36:52,494 - INFO - Creating assembler for item 'electronic-circuit', instance 0
2024-11-26 13:36:52,494 - INFO - Creating input inserter for copper-cable at copper-cable_in_0_0_0
2024-11-26 13:36:52,494 - INFO - Creating input inserter for copper-cable at copper-cable_in_0_0_1
2024-11-26 13:36:52,494 - INFO - Creating input inserter for copper-cable at copper-cable_in_0_0_2
2024-11-26 13:36:52,494 - INFO - Creating input inserter for iron-plate at iron-plate_in_0_0_0
2024-11-26 13:36:52,494 - DEBUG - Created assembler with ID: electronic-circuit_0_0 and input inserters: ['copper-cable_in_0_0_0', 'copper-cable_in_0_0_1', 'copper-cable_in_0_0_2', 'iron-plate_in_0_0_0']
2024-11-26 13:36:52,494 - DEBUG - Created assembler with ID: electronic-circuit_0_0 with item = electronic-circuit
2024-11-26 13:36:52,494 - DEBUG - Created assembler with ID: electronic-circuit_0_0 with capacity = 0
2024-11-26 13:36:52,494 - DEBUG - Processing item 'copper-cable' with production data: {'output_per_minute': 180.0, 'assemblers': 2, 'output_inserters': 2, 'input_inserters': [{'id': 'copper-plate', 'amount': 1}], 'belts': 1, 'capacity': 2}
2024-11-26 13:36:52,494 - INFO - Creating assembler for item 'copper-cable', instance 0
2024-11-26 13:36:52,494 - INFO - Creating input inserter for copper-plate at copper-plate_in_1_0_0
2024-11-26 13:36:52,494 - DEBUG - Created assembler with ID: copper-cable_1_0 and input inserters: ['copper-plate_in_1_0_0']
2024-11-26 13:36:52,494 - DEBUG - Created assembler with ID: copper-cable_1_0 with item = copper-cable
2024-11-26 13:36:52,494 - DEBUG - Created assembler with ID: copper-cable_1_0 with capacity = 2
2024-11-26 13:36:52,494 - INFO - Creating assembler for item 'copper-cable', instance 1
2024-11-26 13:36:52,494 - INFO - Creating input inserter for copper-plate at copper-plate_in_1_1_0
2024-11-26 13:36:52,494 - DEBUG - Created assembler with ID: copper-cable_1_1 and input inserters: ['copper-plate_in_1_1_0']
2024-11-26 13:36:52,494 - DEBUG - Created assembler with ID: copper-cable_1_1 with item = copper-cable
2024-11-26 13:36:52,494 - DEBUG - Created assembler with ID: copper-cable_1_1 with capacity = 2
2024-11-26 13:36:52,494 - DEBUG - Processing item 'copper-plate' with production data: {'amount_per_minute': 90.0, 'capacity': 0}
2024-11-26 13:36:52,494 - DEBUG - Processing item 'iron-plate' with production data: {'amount_per_minute': 60.0, 'capacity': 0}
2024-11-26 13:36:52,494 - INFO - Created 3 assemblers in total.
2024-11-26 13:36:52,494 - INFO - Adding assembler overlap constraints to avoid global belts.
2024-11-26 13:36:52,525 - INFO - Adding inserter overlap constraints to avoid global belts.
2024-11-26 13:36:52,615 - INFO - Adding belt overlap constraints to avoid conflicts with global belts (different items only).
2024-11-26 13:36:52,673 - INFO - Adding boundary constraints for assemblers.
2024-11-26 13:36:52,673 - DEBUG - Setting boundary constraints for assembler ID electronic-circuit_0_0
2024-11-26 13:36:52,673 - DEBUG - Setting boundary constraints for assembler ID copper-cable_1_0
2024-11-26 13:36:52,674 - DEBUG - Setting boundary constraints for assembler ID copper-cable_1_1
2024-11-26 13:36:52,674 - INFO - Adding boundary constraints for belts and inserters.
2024-11-26 13:36:52,674 - DEBUG - Setting boundary constraints for inserter ID copper-cable_in_0_0_0 and belt ID copper-cable_end_0_0_0
2024-11-26 13:36:52,674 - DEBUG - Setting boundary constraints for inserter ID copper-cable_in_0_0_1 and belt ID copper-cable_end_0_0_1
2024-11-26 13:36:52,675 - DEBUG - Setting boundary constraints for inserter ID copper-cable_in_0_0_2 and belt ID copper-cable_end_0_0_2
2024-11-26 13:36:52,675 - DEBUG - Setting boundary constraints for inserter ID iron-plate_in_0_0_0 and belt ID iron-plate_end_0_0_0
2024-11-26 13:36:52,675 - DEBUG - Setting boundary constraints for inserter ID copper-plate_in_1_0_0 and belt ID copper-plate_end_1_0_0
2024-11-26 13:36:52,676 - DEBUG - Setting boundary constraints for inserter ID copper-plate_in_1_1_0 and belt ID copper-plate_end_1_1_0
2024-11-26 13:36:52,676 - INFO - Adding assembler overlap constraints to prevent assembler-assembler overlap.
2024-11-26 13:36:52,678 - INFO - Adding assembler-inserter overlap constraints.
2024-11-26 13:36:52,681 - INFO - Adding assembler-belt overlap constraints (excluding same-item belts).
2024-11-26 13:36:52,683 - INFO - Adding inserter overlap constraints to prevent inserter-inserter overlap.
2024-11-26 13:36:52,690 - INFO - Adding inserter-belt overlap constraints to prevent inserters from overlapping with belts.
2024-11-26 13:36:52,694 - INFO - Adding belt overlap constraints to prevent belt-belt overlap (except same-item belts).
2024-11-26 13:36:52,698 - INFO - Ensuring inserter copper-cable_in_0_0_0 is adjacent to assembler electronic-circuit_0_0
2024-11-26 13:36:52,699 - INFO - Adding belt position constraint for inserter copper-cable_in_0_0_0 with belt copper-cable_end_0_0_0
2024-11-26 13:36:52,700 - INFO - Ensuring inserter copper-cable_in_0_0_1 is adjacent to assembler electronic-circuit_0_0
2024-11-26 13:36:52,701 - INFO - Adding belt position constraint for inserter copper-cable_in_0_0_1 with belt copper-cable_end_0_0_1
2024-11-26 13:36:52,702 - INFO - Ensuring inserter copper-cable_in_0_0_2 is adjacent to assembler electronic-circuit_0_0
2024-11-26 13:36:52,704 - INFO - Adding belt position constraint for inserter copper-cable_in_0_0_2 with belt copper-cable_end_0_0_2
2024-11-26 13:36:52,705 - INFO - Ensuring inserter iron-plate_in_0_0_0 is adjacent to assembler electronic-circuit_0_0
2024-11-26 13:36:52,706 - INFO - Adding belt position constraint for inserter iron-plate_in_0_0_0 with belt iron-plate_end_0_0_0
2024-11-26 13:36:52,707 - INFO - Ensuring inserter copper-plate_in_1_0_0 is adjacent to assembler copper-cable_1_0
2024-11-26 13:36:52,708 - INFO - Adding belt position constraint for inserter copper-plate_in_1_0_0 with belt copper-plate_end_1_0_0
2024-11-26 13:36:52,708 - INFO - Ensuring inserter copper-plate_in_1_1_0 is adjacent to assembler copper-cable_1_1
2024-11-26 13:36:52,708 - INFO - Adding belt position constraint for inserter copper-plate_in_1_1_0 with belt copper-plate_end_1_1_0
2024-11-26 13:36:52,866 - INFO - Adding output space constraints for assembler electronic-circuit_0_0
2024-11-26 13:36:53,020 - INFO - Adding output space constraints for assembler copper-cable_1_0
2024-11-26 13:36:53,164 - INFO - Adding output space constraints for assembler copper-cable_1_1
2024-11-26 13:36:53,164 - DEBUG - Adding constraints to merge input inserters with belts of matching items.
2024-11-26 13:36:53,164 - DEBUG - Matching item found: Belt (ID: copper-plate_(0, 0)_input, Item: copper-plate) and Inserter Belt (ID: copper-plate_end_1_0_0, Item: copper-plate)
2024-11-26 13:36:53,164 - DEBUG - Matching item found: Belt (ID: copper-plate_(0, 0)_input, Item: copper-plate) and Inserter Belt (ID: copper-plate_end_1_1_0, Item: copper-plate)
2024-11-26 13:36:53,164 - DEBUG - Matching item found: Belt (ID: copper-plate_(13, 0)_input, Item: copper-plate) and Inserter Belt (ID: copper-plate_end_1_0_0, Item: copper-plate)
2024-11-26 13:36:53,164 - DEBUG - Matching item found: Belt (ID: copper-plate_(13, 0)_input, Item: copper-plate) and Inserter Belt (ID: copper-plate_end_1_1_0, Item: copper-plate)
2024-11-26 13:36:53,164 - DEBUG - Matching item found: Belt (ID: copper-plate_(0, 1)_input, Item: copper-plate) and Inserter Belt (ID: copper-plate_end_1_0_0, Item: copper-plate)
2024-11-26 13:36:53,164 - DEBUG - Matching item found: Belt (ID: copper-plate_(0, 1)_input, Item: copper-plate) and Inserter Belt (ID: copper-plate_end_1_1_0, Item: copper-plate)
2024-11-26 13:36:53,164 - DEBUG - Matching item found: Belt (ID: copper-plate_(0, 2)_input, Item: copper-plate) and Inserter Belt (ID: copper-plate_end_1_0_0, Item: copper-plate)
2024-11-26 13:36:53,164 - DEBUG - Matching item found: Belt (ID: copper-plate_(0, 2)_input, Item: copper-plate) and Inserter Belt (ID: copper-plate_end_1_1_0, Item: copper-plate)
2024-11-26 13:36:53,164 - DEBUG - Matching item found: Belt (ID: copper-plate_(0, 3)_input, Item: copper-plate) and Inserter Belt (ID: copper-plate_end_1_0_0, Item: copper-plate)
2024-11-26 13:36:53,164 - DEBUG - Matching item found: Belt (ID: copper-plate_(0, 3)_input, Item: copper-plate) and Inserter Belt (ID: copper-plate_end_1_1_0, Item: copper-plate)
2024-11-26 13:36:53,164 - DEBUG - Matching item found: Belt (ID: copper-plate_(0, 4)_input, Item: copper-plate) and Inserter Belt (ID: copper-plate_end_1_0_0, Item: copper-plate)
2024-11-26 13:36:53,164 - DEBUG - Matching item found: Belt (ID: copper-plate_(0, 4)_input, Item: copper-plate) and Inserter Belt (ID: copper-plate_end_1_1_0, Item: copper-plate)
2024-11-26 13:36:53,164 - DEBUG - Matching item found: Belt (ID: copper-plate_(0, 5)_input, Item: copper-plate) and Inserter Belt (ID: copper-plate_end_1_0_0, Item: copper-plate)
2024-11-26 13:36:53,164 - DEBUG - Matching item found: Belt (ID: copper-plate_(0, 5)_input, Item: copper-plate) and Inserter Belt (ID: copper-plate_end_1_1_0, Item: copper-plate)
2024-11-26 13:36:53,164 - DEBUG - Matching item found: Belt (ID: copper-plate_(0, 6)_input, Item: copper-plate) and Inserter Belt (ID: copper-plate_end_1_0_0, Item: copper-plate)
2024-11-26 13:36:53,164 - DEBUG - Matching item found: Belt (ID: copper-plate_(0, 6)_input, Item: copper-plate) and Inserter Belt (ID: copper-plate_end_1_1_0, Item: copper-plate)
2024-11-26 13:36:53,164 - DEBUG - Matching item found: Belt (ID: copper-plate_(0, 7)_input, Item: copper-plate) and Inserter Belt (ID: copper-plate_end_1_0_0, Item: copper-plate)
2024-11-26 13:36:53,164 - DEBUG - Matching item found: Belt (ID: copper-plate_(0, 7)_input, Item: copper-plate) and Inserter Belt (ID: copper-plate_end_1_1_0, Item: copper-plate)
2024-11-26 13:36:53,164 - DEBUG - Matching item found: Belt (ID: copper-plate_(0, 8)_input, Item: copper-plate) and Inserter Belt (ID: copper-plate_end_1_0_0, Item: copper-plate)
2024-11-26 13:36:53,164 - DEBUG - Matching item found: Belt (ID: copper-plate_(0, 8)_input, Item: copper-plate) and Inserter Belt (ID: copper-plate_end_1_1_0, Item: copper-plate)
2024-11-26 13:36:53,164 - DEBUG - Matching item found: Belt (ID: copper-plate_(0, 9)_input, Item: copper-plate) and Inserter Belt (ID: copper-plate_end_1_0_0, Item: copper-plate)
2024-11-26 13:36:53,164 - DEBUG - Matching item found: Belt (ID: copper-plate_(0, 9)_input, Item: copper-plate) and Inserter Belt (ID: copper-plate_end_1_1_0, Item: copper-plate)
2024-11-26 13:36:53,164 - DEBUG - Matching item found: Belt (ID: copper-plate_(0, 10)_input, Item: copper-plate) and Inserter Belt (ID: copper-plate_end_1_0_0, Item: copper-plate)
2024-11-26 13:36:53,164 - DEBUG - Matching item found: Belt (ID: copper-plate_(0, 10)_input, Item: copper-plate) and Inserter Belt (ID: copper-plate_end_1_1_0, Item: copper-plate)
2024-11-26 13:36:53,164 - DEBUG - Matching item found: Belt (ID: copper-plate_(0, 11)_input, Item: copper-plate) and Inserter Belt (ID: copper-plate_end_1_0_0, Item: copper-plate)
2024-11-26 13:36:53,164 - DEBUG - Matching item found: Belt (ID: copper-plate_(0, 11)_input, Item: copper-plate) and Inserter Belt (ID: copper-plate_end_1_1_0, Item: copper-plate)
2024-11-26 13:36:53,164 - DEBUG - Matching item found: Belt (ID: copper-plate_(0, 12)_input, Item: copper-plate) and Inserter Belt (ID: copper-plate_end_1_0_0, Item: copper-plate)
2024-11-26 13:36:53,164 - DEBUG - Matching item found: Belt (ID: copper-plate_(0, 12)_input, Item: copper-plate) and Inserter Belt (ID: copper-plate_end_1_1_0, Item: copper-plate)
2024-11-26 13:36:53,164 - DEBUG - Matching item found: Belt (ID: iron-plate_(0, 11)_input, Item: iron-plate) and Inserter Belt (ID: iron-plate_end_0_0_0, Item: iron-plate)
2024-11-26 13:36:53,164 - DEBUG - Matching item found: Belt (ID: iron-plate_(13, 11)_input, Item: iron-plate) and Inserter Belt (ID: iron-plate_end_0_0_0, Item: iron-plate)
2024-11-26 13:36:53,164 - DEBUG - Matching item found: Belt (ID: iron-plate_(11, 1)_input, Item: iron-plate) and Inserter Belt (ID: iron-plate_end_0_0_0, Item: iron-plate)
2024-11-26 13:36:53,164 - DEBUG - Matching item found: Belt (ID: iron-plate_(11, 2)_input, Item: iron-plate) and Inserter Belt (ID: iron-plate_end_0_0_0, Item: iron-plate)
2024-11-26 13:36:53,164 - DEBUG - Matching item found: Belt (ID: iron-plate_(11, 3)_input, Item: iron-plate) and Inserter Belt (ID: iron-plate_end_0_0_0, Item: iron-plate)
2024-11-26 13:36:53,164 - DEBUG - Matching item found: Belt (ID: iron-plate_(11, 4)_input, Item: iron-plate) and Inserter Belt (ID: iron-plate_end_0_0_0, Item: iron-plate)
2024-11-26 13:36:53,164 - DEBUG - Matching item found: Belt (ID: iron-plate_(11, 5)_input, Item: iron-plate) and Inserter Belt (ID: iron-plate_end_0_0_0, Item: iron-plate)
2024-11-26 13:36:53,164 - DEBUG - Matching item found: Belt (ID: iron-plate_(11, 6)_input, Item: iron-plate) and Inserter Belt (ID: iron-plate_end_0_0_0, Item: iron-plate)
2024-11-26 13:36:53,180 - DEBUG - Matching item found: Belt (ID: iron-plate_(11, 7)_input, Item: iron-plate) and Inserter Belt (ID: iron-plate_end_0_0_0, Item: iron-plate)
2024-11-26 13:36:53,180 - DEBUG - Matching item found: Belt (ID: iron-plate_(11, 8)_input, Item: iron-plate) and Inserter Belt (ID: iron-plate_end_0_0_0, Item: iron-plate)
2024-11-26 13:36:53,180 - DEBUG - Matching item found: Belt (ID: iron-plate_(11, 9)_input, Item: iron-plate) and Inserter Belt (ID: iron-plate_end_0_0_0, Item: iron-plate)
2024-11-26 13:36:53,180 - DEBUG - Matching item found: Belt (ID: iron-plate_(11, 10)_input, Item: iron-plate) and Inserter Belt (ID: iron-plate_end_0_0_0, Item: iron-plate)
2024-11-26 13:36:53,180 - DEBUG - Matching item found: Belt (ID: iron-plate_(11, 11)_input, Item: iron-plate) and Inserter Belt (ID: iron-plate_end_0_0_0, Item: iron-plate)
2024-11-26 13:36:53,180 - DEBUG - Matching item found: Belt (ID: iron-plate_(11, 12)_input, Item: iron-plate) and Inserter Belt (ID: iron-plate_end_0_0_0, Item: iron-plate)
2024-11-26 13:36:53,180 - DEBUG - Adding merge constraints for input inserters to the solver.
2024-11-26 13:36:53,180 - DEBUG - Adding constraints to merge input inserters with assembler edges for items with matching types.
2024-11-26 13:36:53,180 - DEBUG - Assembler electronic-circuit_0_0 and other assembler copper-cable_1_0 have matching items: copper-cable
2024-11-26 13:36:53,180 - DEBUG - Assembler electronic-circuit_0_0 and other assembler copper-cable_1_0 have matching items: copper-cable
2024-11-26 13:36:53,180 - DEBUG - Adding constraints to position belt for inserter copper-cable_in_0_0_0 at positions: [(copper-cable_1_0_x, copper-cable_1_0_y), (copper-cable_1_0_x + 1, copper-cable_1_0_y), (copper-cable_1_0_x + 2, copper-cable_1_0_y), (copper-cable_1_0_x, copper-cable_1_0_y + 1), (copper-cable_1_0_x + 2, copper-cable_1_0_y + 1), (copper-cable_1_0_x, copper-cable_1_0_y + 2), (copper-cable_1_0_x + 1, copper-cable_1_0_y + 2), (copper-cable_1_0_x + 2, copper-cable_1_0_y + 2)]
2024-11-26 13:36:53,180 - DEBUG - Assembler electronic-circuit_0_0 and other assembler copper-cable_1_1 have matching items: copper-cable
2024-11-26 13:36:53,180 - DEBUG - Assembler electronic-circuit_0_0 and other assembler copper-cable_1_1 have matching items: copper-cable
2024-11-26 13:36:53,180 - DEBUG - Adding constraints to position belt for inserter copper-cable_in_0_0_0 at positions: [(copper-cable_1_1_x, copper-cable_1_1_y), (copper-cable_1_1_x + 1, copper-cable_1_1_y), (copper-cable_1_1_x + 2, copper-cable_1_1_y), (copper-cable_1_1_x, copper-cable_1_1_y + 1), (copper-cable_1_1_x + 2, copper-cable_1_1_y + 1), (copper-cable_1_1_x, copper-cable_1_1_y + 2), (copper-cable_1_1_x + 1, copper-cable_1_1_y + 2), (copper-cable_1_1_x + 2, copper-cable_1_1_y + 2)]
2024-11-26 13:36:53,180 - DEBUG - Adding 'Or' between valid positions for inserter copper-cable_in_0_0_0.
2024-11-26 13:36:53,180 - DEBUG - Assembler electronic-circuit_0_0 and other assembler copper-cable_1_0 have matching items: copper-cable
2024-11-26 13:36:53,180 - DEBUG - Assembler electronic-circuit_0_0 and other assembler copper-cable_1_0 have matching items: copper-cable
2024-11-26 13:36:53,180 - DEBUG - Adding constraints to position belt for inserter copper-cable_in_0_0_1 at positions: [(copper-cable_1_0_x, copper-cable_1_0_y), (copper-cable_1_0_x + 1, copper-cable_1_0_y), (copper-cable_1_0_x + 2, copper-cable_1_0_y), (copper-cable_1_0_x, copper-cable_1_0_y + 1), (copper-cable_1_0_x + 2, copper-cable_1_0_y + 1), (copper-cable_1_0_x, copper-cable_1_0_y + 2), (copper-cable_1_0_x + 1, copper-cable_1_0_y + 2), (copper-cable_1_0_x + 2, copper-cable_1_0_y + 2)]
2024-11-26 13:36:53,180 - DEBUG - Assembler electronic-circuit_0_0 and other assembler copper-cable_1_1 have matching items: copper-cable
2024-11-26 13:36:53,180 - DEBUG - Assembler electronic-circuit_0_0 and other assembler copper-cable_1_1 have matching items: copper-cable
2024-11-26 13:36:53,180 - DEBUG - Adding constraints to position belt for inserter copper-cable_in_0_0_1 at positions: [(copper-cable_1_1_x, copper-cable_1_1_y), (copper-cable_1_1_x + 1, copper-cable_1_1_y), (copper-cable_1_1_x + 2, copper-cable_1_1_y), (copper-cable_1_1_x, copper-cable_1_1_y + 1), (copper-cable_1_1_x + 2, copper-cable_1_1_y + 1), (copper-cable_1_1_x, copper-cable_1_1_y + 2), (copper-cable_1_1_x + 1, copper-cable_1_1_y + 2), (copper-cable_1_1_x + 2, copper-cable_1_1_y + 2)]
2024-11-26 13:36:53,180 - DEBUG - Adding 'Or' between valid positions for inserter copper-cable_in_0_0_1.
2024-11-26 13:36:53,180 - DEBUG - Assembler electronic-circuit_0_0 and other assembler copper-cable_1_0 have matching items: copper-cable
2024-11-26 13:36:53,180 - DEBUG - Assembler electronic-circuit_0_0 and other assembler copper-cable_1_0 have matching items: copper-cable
2024-11-26 13:36:53,196 - DEBUG - Adding constraints to position belt for inserter copper-cable_in_0_0_2 at positions: [(copper-cable_1_0_x, copper-cable_1_0_y), (copper-cable_1_0_x + 1, copper-cable_1_0_y), (copper-cable_1_0_x + 2, copper-cable_1_0_y), (copper-cable_1_0_x, copper-cable_1_0_y + 1), (copper-cable_1_0_x + 2, copper-cable_1_0_y + 1), (copper-cable_1_0_x, copper-cable_1_0_y + 2), (copper-cable_1_0_x + 1, copper-cable_1_0_y + 2), (copper-cable_1_0_x + 2, copper-cable_1_0_y + 2)]
2024-11-26 13:36:53,196 - DEBUG - Adding 'Or' between valid positions for inserter copper-cable_in_0_0_2.
2024-11-26 13:36:53,196 - DEBUG - No valid merge positions found for inserter iron-plate_in_0_0_0.
2024-11-26 13:36:53,196 - DEBUG - No valid merge positions found for inserter copper-plate_in_1_0_0.
2024-11-26 13:36:53,196 - DEBUG - No valid merge positions found for inserter copper-plate_in_1_1_0.
2024-11-26 13:36:53,196 - INFO - Adding constraints to maximize overlaps of inserter belts with global belts and assemblers.
2024-11-26 13:36:53,196 - INFO - Adding optimization goal to maximize belt overlaps.
2024-11-26 13:36:53,888 - INFO - Solver check result: sat
2024-11-26 13:36:54,671 - INFO - Execution time for solve: 2.1749 seconds.
2024-11-26 13:36:55,206 - INFO - build output path infomation for electronic-circuit_0
2024-11-26 13:36:55,206 - INFO - Attempting path for electronic-circuit_0 from (6, 0) to (13, 0)
2024-11-26 13:36:55,206 - INFO - Starting A* from (6, 0) to (13, 0)
2024-11-26 13:36:55,206 - INFO - Processing node (6, 0)
2024-11-26 13:36:55,206 - INFO - Moving to (6, 1) with direction right
2024-11-26 13:36:55,206 - INFO - Moving to (7, 0) with direction down
2024-11-26 13:36:55,206 - INFO - Moving to (5, 0) with direction up
2024-11-26 13:36:55,206 - INFO - Processing node (7, 0)
2024-11-26 13:36:55,206 - INFO - Moving to (7, 1) with direction right
2024-11-26 13:36:55,206 - INFO - Moving to (8, 0) with direction down
2024-11-26 13:36:55,206 - INFO - Processing node (8, 0)
2024-11-26 13:36:55,206 - INFO - Moving to (8, 1) with direction right
2024-11-26 13:36:55,206 - INFO - Moving to (9, 0) with direction down
2024-11-26 13:36:55,206 - INFO - Processing node (9, 0)
2024-11-26 13:36:55,206 - INFO - Moving to (9, 1) with direction right
2024-11-26 13:36:55,206 - INFO - Moving to (10, 0) with direction down
2024-11-26 13:36:55,206 - INFO - Processing node (10, 0)
2024-11-26 13:36:55,206 - INFO - Moving to (10, 1) with direction right
2024-11-26 13:36:55,206 - DEBUG - Checking jump to (12, 0) from (10, 0) with length 2
2024-11-26 13:36:55,206 - INFO - Jumping to (12, 0) from (10, 0) with direction down
2024-11-26 13:36:55,206 - DEBUG - Checking jump to (13, 0) from (10, 0) with length 3
2024-11-26 13:36:55,206 - INFO - Jumping to (13, 0) from (10, 0) with direction down
2024-11-26 13:36:55,206 - INFO - Processing node (13, 0)
2024-11-26 13:36:55,206 - INFO - Goal reached at (13, 0)
2024-11-26 13:36:55,206 - INFO - Reconstructed path: [(6, 0), (7, 0), (8, 0), (9, 0), (10, 0), (13, 0)]
2024-11-26 13:36:55,206 - INFO - Attempting path for iron-plate_0 from (6, 2) to (11, 2)
2024-11-26 13:36:55,206 - INFO - Starting A* from (6, 2) to (11, 2)
2024-11-26 13:36:55,206 - INFO - Processing node (6, 2)
2024-11-26 13:36:55,206 - INFO - Moving to (6, 3) with direction right
2024-11-26 13:36:55,206 - INFO - Moving to (7, 2) with direction down
2024-11-26 13:36:55,206 - INFO - Moving to (6, 1) with direction left
2024-11-26 13:36:55,206 - INFO - Processing node (7, 2)
2024-11-26 13:36:55,206 - INFO - Moving to (7, 3) with direction right
2024-11-26 13:36:55,206 - INFO - Moving to (8, 2) with direction down
2024-11-26 13:36:55,206 - INFO - Moving to (7, 1) with direction left
2024-11-26 13:36:55,206 - INFO - Processing node (8, 2)
2024-11-26 13:36:55,206 - INFO - Moving to (8, 3) with direction right
2024-11-26 13:36:55,206 - INFO - Moving to (9, 2) with direction down
2024-11-26 13:36:55,206 - INFO - Moving to (8, 1) with direction left
2024-11-26 13:36:55,206 - INFO - Processing node (9, 2)
2024-11-26 13:36:55,206 - INFO - Moving to (9, 3) with direction right
2024-11-26 13:36:55,206 - INFO - Moving to (10, 2) with direction down
2024-11-26 13:36:55,206 - INFO - Moving to (9, 1) with direction left
2024-11-26 13:36:55,206 - INFO - Processing node (10, 2)
2024-11-26 13:36:55,206 - INFO - Moving to (10, 3) with direction right
2024-11-26 13:36:55,206 - INFO - Moving to (11, 2) with direction down
2024-11-26 13:36:55,206 - INFO - Moving to (10, 1) with direction left
2024-11-26 13:36:55,206 - INFO - Processing node (11, 2)
2024-11-26 13:36:55,206 - INFO - Goal reached at (11, 2)
2024-11-26 13:36:55,206 - INFO - Reconstructed path: [(6, 2), (7, 2), (8, 2), (9, 2), (10, 2), (11, 2)]
2024-11-26 13:36:55,206 - INFO - Execution time for build_belts: 0.5352 seconds.
