2025-06-25 16:55:00,432 - FactoryBuilder - INFO - Selected items: {'copper-cable'}
2025-06-25 16:55:01,339 - FactoryBuilder - INFO - Selected items: {'copper-cable'}
2025-06-25 16:55:08,391 - FactoryBuilder - INFO - solving factory
2025-06-25 16:55:08,391 - FactoryBuilder - INFO - Defining factory I/O points
2025-06-25 16:55:08,391 - FactoryBuilder - INFO - External inputs: {'iron-plate', 'copper-plate'}
2025-06-25 16:55:08,391 - FactoryBuilder - INFO - External outputs: {'electronic-circuit'}
2025-06-25 16:55:08,391 - FactoryBuilder - INFO - Internal items: {'copper-cable'}
2025-06-25 16:55:10,354 - FactoryBuilder - DEBUG - Selected South at position (1, 29) for iron-plate
2025-06-25 16:55:11,843 - FactoryBuilder - DEBUG - Selected South at position (3, 29) for copper-plate
2025-06-25 16:55:11,929 - FactoryBuilder - INFO - Created fixed input gate for iron-plate at position (1, 29) on South edge
2025-06-25 16:55:11,929 - FactoryBuilder - INFO - Created fixed input gate for copper-plate at position (3, 29) on South edge
2025-06-25 16:55:13,392 - FactoryBuilder - DEBUG - Selected South at position (7, 29) for electronic-circuit
2025-06-25 16:55:13,467 - FactoryBuilder - INFO - Created fixed output gate for electronic-circuit at position (7, 29) on South edge
2025-06-25 16:55:13,467 - FactoryBuilder - INFO - block data:
2025-06-25 16:55:13,467 - FactoryBuilder - INFO - {'electronic-circuit': {'tree': <FactorioProductionTree.FactorioProductionTree object at 0x000001F67BFBF440>, 'production_data': {'electronic-circuit': {'amount_per_minute': 120, 'assemblers': 2, 'input_inserters': [{'id': 'copper-cable', 'inserters': 3, 'amount': 3}, {'id': 'iron-plate', 'inserters': 1, 'amount': 1}], 'belts': 1, 'capacity': 0}, 'copper-cable': {'amount_per_minute': 360.0, 'capacity': 0}, 'iron-plate': {'amount_per_minute': 120.0, 'capacity': 0}}, 'num_factories': 1, 'png': "E:/Programmieren/Bachelor-Thesis/Modules/electronic-circuit_120_['copper-cable']_module.png", 'json': "E:/Programmieren/Bachelor-Thesis/Modules/electronic-circuit_120_['copper-cable']_module.json"}, 'copper-cable': {'tree': <FactorioProductionTree.FactorioProductionTree object at 0x000001F67BF62ED0>, 'production_data': {'copper-cable': {'amount_per_minute': 300, 'assemblers': 3, 'input_inserters': [{'id': 'copper-plate', 'inserters': 2, 'amount': 1}], 'belts': 1, 'capacity': 0}, 'copper-plate': {'amount_per_minute': 150.0, 'capacity': 0}}, 'num_factories': 1, 'png': 'E:/Programmieren/Bachelor-Thesis/Modules/copper-cable_300_[]_module.png', 'json': 'E:/Programmieren/Bachelor-Thesis/Modules/copper-cable_300_[]_module.json'}}
2025-06-25 16:55:13,480 - FactoryBuilder - INFO - total number of modules: 2
2025-06-25 16:55:13,483 - FactoryBuilder - INFO - Added fixed input gate external_input_iron-plate at position (1, 29)
2025-06-25 16:55:13,484 - FactoryBuilder - INFO - Added fixed input gate external_input_copper-plate at position (3, 29)
2025-06-25 16:55:13,485 - FactoryBuilder - INFO - Added fixed output gate external_output_electronic-circuit at position (7, 29)
2025-06-25 16:55:13,587 - FactoryBuilder - DEBUG - Gate connections: [{'source': <FactoryZ3Solver.Gate object at 0x000001F6025F81D0>, 'target': <FactoryZ3Solver.Gate object at 0x000001F6025AF2C0>, 'source_x': 0, 'source_y': 31, 'target_x': 1, 'target_y': 29, 'item': 'iron-plate'}, {'source': <FactoryZ3Solver.Gate object at 0x000001F6025F87D0>, 'target': <FactoryZ3Solver.Gate object at 0x000001F6025AF170>, 'source_x': 0, 'source_y': 8, 'target_x': 3, 'target_y': 29, 'item': 'copper-plate'}, {'source': <FactoryZ3Solver.Gate object at 0x000001F6025F8230>, 'target': <FactoryZ3Solver.Gate object at 0x000001F6025F8980>, 'source_x': 0, 'source_y': 19, 'target_x': 9, 'target_y': 23, 'item': 'copper-cable'}, {'source': <FactoryZ3Solver.Gate object at 0x000001F6025F8950>, 'target': <FactoryZ3Solver.Gate object at 0x000001F6025F9430>, 'source_x': 0, 'source_y': 23, 'target_x': 9, 'target_y': 19, 'item': 'copper-cable'}, {'source': <FactoryZ3Solver.Gate object at 0x000001F6025F9460>, 'target': <FactoryZ3Solver.Gate object at 0x000001F6025F8380>, 'source_x': 7, 'source_y': 29, 'target_x': 0, 'target_y': 34, 'item': 'electronic-circuit'}]
2025-06-25 16:55:13,588 - FactoryBuilder - WARNING - Module JSON not found for fixed_block_external_input_iron-plate (type: block), skipping
2025-06-25 16:55:13,588 - FactoryBuilder - ERROR - Error processing module JSON for fixed_block_external_input_iron-plate: expected str, bytes or os.PathLike object, not NoneType
2025-06-25 16:55:13,589 - FactoryBuilder - WARNING - Module JSON not found for fixed_block_external_input_copper-plate (type: block), skipping
2025-06-25 16:55:13,589 - FactoryBuilder - ERROR - Error processing module JSON for fixed_block_external_input_copper-plate: expected str, bytes or os.PathLike object, not NoneType
2025-06-25 16:55:13,590 - FactoryBuilder - WARNING - Module JSON not found for fixed_block_external_output_electronic-circuit (type: block), skipping
2025-06-25 16:55:13,590 - FactoryBuilder - ERROR - Error processing module JSON for fixed_block_external_output_electronic-circuit: expected str, bytes or os.PathLike object, not NoneType
2025-06-25 16:55:13,595 - FactoryBuilder - INFO - Processing module data from E:/Programmieren/Bachelor-Thesis/Modules/electronic-circuit_120_['copper-cable']_module.json for block Block_electronic-circuit_0_0
2025-06-25 16:55:13,596 - FactoryBuilder - INFO - Added assembler electronic-circuit at [2, 25] for block Block_electronic-circuit_0_0
2025-06-25 16:55:13,596 - FactoryBuilder - INFO - Added assembler electronic-circuit at [2, 22] for block Block_electronic-circuit_0_0
2025-06-25 16:55:13,596 - FactoryBuilder - INFO - Added inserter copper-cable at [1, 27] facing east for block Block_electronic-circuit_0_0
2025-06-25 16:55:13,596 - FactoryBuilder - INFO - Added inserter copper-cable at [1, 25] facing east for block Block_electronic-circuit_0_0
2025-06-25 16:55:13,596 - FactoryBuilder - INFO - Added inserter copper-cable at [1, 26] facing east for block Block_electronic-circuit_0_0
2025-06-25 16:55:13,597 - FactoryBuilder - INFO - Added inserter iron-plate at [5, 27] facing west for block Block_electronic-circuit_0_0
2025-06-25 16:55:13,597 - FactoryBuilder - INFO - Added inserter copper-cable at [1, 24] facing east for block Block_electronic-circuit_0_0
2025-06-25 16:55:13,597 - FactoryBuilder - INFO - Added inserter copper-cable at [1, 22] facing east for block Block_electronic-circuit_0_0
2025-06-25 16:55:13,597 - FactoryBuilder - INFO - Added inserter copper-cable at [1, 23] facing east for block Block_electronic-circuit_0_0
2025-06-25 16:55:13,597 - FactoryBuilder - INFO - Added inserter iron-plate at [5, 22] facing west for block Block_electronic-circuit_0_0
2025-06-25 16:55:13,597 - FactoryBuilder - INFO - Added placed inserter for electronic-circuit at [5, 25] facing east
2025-06-25 16:55:13,598 - FactoryBuilder - INFO - Added placed inserter for electronic-circuit at [5, 23] facing east
2025-06-25 16:55:13,598 - FactoryBuilder - DEBUG - Module data for block Block_electronic-circuit_0_0: {'output_item': 'electronic-circuit', 'max_ouput': 120.0, 'amount': 120, 'production_data': {'electronic-circuit': {'amount_per_minute': 120, 'assemblers': 2, 'input_inserters': [{'id': 'copper-cable', 'inserters': 3, 'amount': 3}, {'id': 'iron-plate', 'inserters': 1, 'amount': 1}], 'belts': 1, 'capacity': 0}, 'copper-cable': {'amount_per_minute': 360.0, 'capacity': 0}, 'iron-plate': {'amount_per_minute': 120.0, 'capacity': 0}}, 'grid_width': 16, 'grid_height': 10, 'input_items': ['copper-cable', 'iron-plate'], 'input_information': {'copper-cable': {'input': [9, 0], 'output': [0, 0], 'paths': {'copper-cable': [{'path': [[0, 9], [0, 8], [0, 7], [0, 6], [0, 5], [0, 4], [0, 3], [0, 2], [0, 1], [0, 0]], 'start': [0, 9], 'destination': [0, 0], 'underground_segments': {}, 'start_splitter': False, 'dest_splitter': False, 'orientation': {'(0, 9)': [0, -1], '(0, 8)': [0, -1], '(0, 7)': [0, -1], '(0, 6)': [0, -1], '(0, 5)': [0, -1], '(0, 4)': [0, -1], '(0, 3)': [0, -1], '(0, 2)': [0, -1], '(0, 1)': [0, -1], '(0, 0)': [0, -1]}}]}}, 'iron-plate': {'input': [9, 12], 'output': [0, 12], 'paths': {'iron-plate': [{'path': [[12, 9], [12, 8], [12, 7], [12, 6], [12, 5], [12, 4], [12, 3], [12, 2], [12, 1], [12, 0]], 'start': [12, 9], 'destination': [12, 0], 'underground_segments': {}, 'start_splitter': False, 'dest_splitter': False, 'orientation': {'(12, 9)': [0, -1], '(12, 8)': [0, -1], '(12, 7)': [0, -1], '(12, 6)': [0, -1], '(12, 5)': [0, -1], '(12, 4)': [0, -1], '(12, 3)': [0, -1], '(12, 2)': [0, -1], '(12, 1)': [0, -1], '(12, 0)': [0, -1]}}]}}}, 'output_information': {'electronic-circuit': {'input': [0, 15], 'output': [9, 15], 'paths': {'electronic-circuit': [{'path': [[15, 0], [15, 1], [15, 2], [15, 3], [15, 4], [15, 5], [15, 6], [15, 7], [15, 8], [15, 9]], 'start': [15, 0], 'destination': [15, 9], 'underground_segments': {}, 'start_splitter': None, 'dest_splitter': None, 'orientation': {'(15, 0)': [0, 1], '(15, 1)': [0, 1], '(15, 2)': [0, 1], '(15, 3)': [0, 1], '(15, 4)': [0, 1], '(15, 5)': [0, 1], '(15, 6)': [0, 1], '(15, 7)': [0, 1], '(15, 8)': [0, 1], '(15, 9)': [0, 1]}}]}}}, 'inserter_information': [['copper-cable', 1, 8, 'east'], ['copper-cable', 1, 6, 'east'], ['copper-cable', 1, 7, 'east'], ['iron-plate', 5, 8, 'west'], ['copper-cable', 1, 5, 'east'], ['copper-cable', 1, 3, 'east'], ['copper-cable', 1, 4, 'east'], ['iron-plate', 5, 3, 'west']], 'belt_point_information': [['copper-cable', 0, 8, 'end'], ['copper-cable', 0, 6, 'end'], ['copper-cable', 0, 7, 'end'], ['iron-plate', 6, 8, 'end'], ['copper-cable', 0, 5, 'end'], ['copper-cable', 0, 3, 'end'], ['copper-cable', 0, 4, 'end'], ['iron-plate', 6, 3, 'end']], 'assembler_information': [['electronic-circuit', 2, 6, 3, 3, 'assembling-machine-1', 0], ['electronic-circuit', 2, 3, 3, 3, 'assembling-machine-1', 0]], 'retrieval_points': {'electronic-circuit_0_0': {'item': 'electronic-circuit', 'destination': [[15, 5], [15, 8], [15, 4], [15, 1], [15, 7], [15, 0], [15, 6], [15, 3], [15, 9], [15, 2]], 'start_points': [[6, 6]], 'inserter_mapping': {'(6, 6)': [5, 6], '(6, 7)': [5, 7]}}, 'electronic-circuit_1_0': {'item': 'electronic-circuit', 'destination': [[15, 5], [15, 8], [15, 4], [15, 1], [15, 7], [15, 0], [15, 6], [15, 3], [15, 9], [15, 2]], 'start_points': [[6, 4]], 'inserter_mapping': {'(6, 4)': [5, 4], '(6, 5)': [5, 5], '(4, 1)': [4, 2], '(3, 1)': [3, 2], '(2, 1)': [2, 2]}}, 'iron-plate_0': {'item': 'iron-plate', 'destination': [[6, 8]], 'start_points': [[12, 9], [12, 0], [12, 9], [12, 8], [12, 7], [12, 6], [12, 5], [12, 4], [12, 3], [12, 2], [12, 1], [12, 0]], 'inserter_mapping': None}, 'iron-plate_1': {'item': 'iron-plate', 'destination': [[6, 3]], 'start_points': [[12, 9], [12, 0], [12, 9], [12, 8], [12, 7], [12, 6], [12, 5], [12, 4], [12, 3], [12, 2], [12, 1], [12, 0]], 'inserter_mapping': None}}, 'obstacle_map': [[1, 0, 0, 0, 0, 0, 0, 0, 0, 0, 0, 0, 1, 0, 0, 22], [1, 0, 0, 0, 0, 0, 0, 0, 0, 0, 0, 0, 1, 0, 0, 22], [1, 0, 0, 0, 0, 0, 0, 0, 0, 0, 0, 0, 1, 0, 0, 22], [99, 44, 33, 33, 33, 44, 99, 0, 0, 0, 0, 0, 1, 0, 0, 22], [99, 44, 33, 33, 33, 0, 0, 0, 0, 0, 0, 0, 1, 0, 0, 22], [99, 44, 33, 33, 33, 0, 0, 0, 0, 0, 0, 0, 1, 0, 0, 22], [99, 44, 33, 33, 33, 0, 0, 0, 0, 0, 0, 0, 1, 0, 0, 22], [99, 44, 33, 33, 33, 0, 0, 0, 0, 0, 0, 0, 1, 0, 0, 22], [99, 44, 33, 33, 33, 44, 99, 0, 0, 0, 0, 0, 1, 0, 0, 22], [1, 0, 0, 0, 0, 0, 0, 0, 0, 0, 0, 0, 1, 0, 0, 22]], 'paths': {'electronic-circuit_0_0': [{'path': [[6, 6], [7, 6], [8, 6], [9, 6], [13, 6], [14, 6]], 'start': [6, 6], 'destination': [14, 6], 'underground_segments': {'segment_0': {'start': [9, 6], 'end': [13, 6]}}, 'start_splitter': None, 'dest_splitter': {'item': 'electronic-circuit', 'position': [15, 7], 'next_position': [14, 7], 'direction': [0, 1], 'inputs': [[14, 6]], 'outputs': [[14, 8]]}}], 'electronic-circuit_1_0': [{'path': [[6, 4], [6, 5], [6, 6]], 'start': [6, 4], 'destination': [6, 6], 'underground_segments': {}, 'start_splitter': None, 'dest_splitter': None}], 'iron-plate_0': [{'path': [[11, 7], [10, 7], [9, 7], [8, 7], [7, 7], [6, 7], [6, 8]], 'start': [11, 7], 'destination': [6, 8], 'underground_segments': {}, 'start_splitter': {'item': 'iron-plate', 'position': [12, 8], 'next_position': [11, 8], 'direction': [0, -1], 'inputs': [[11, 9]], 'outputs': [[11, 7]]}, 'dest_splitter': None}], 'iron-plate_1': [{'path': [[11, 3], [10, 3], [9, 3], [8, 3], [7, 3], [6, 3]], 'start': [11, 3], 'destination': [6, 3], 'underground_segments': {}, 'start_splitter': {'item': 'iron-plate', 'position': [12, 4], 'next_position': [11, 4], 'direction': [0, -1], 'inputs': [[11, 5]], 'outputs': [[11, 3]]}, 'dest_splitter': None}]}, 'placed_inserter_information': {'electronic-circuit_0_0': {'(6, 6)': [5, 6]}, 'electronic-circuit_1_0': {'(6, 4)': [5, 4]}}, 'power_pole_information': [['medium-electric-pole', 2, 2], ['medium-electric-pole', 2, 9]]}
2025-06-25 16:55:13,599 - FactoryBuilder - INFO - Added input belt route for copper-cable at [0, 19] facing north
2025-06-25 16:55:13,599 - FactoryBuilder - INFO - Added input point for copper-cable at [9, 19] for block Block_electronic-circuit_0_0
2025-06-25 16:55:13,600 - FactoryBuilder - INFO - Added output point for copper-cable at [0, 19] for block Block_electronic-circuit_0_0
2025-06-25 16:55:13,600 - FactoryBuilder - INFO - Added input belt route for iron-plate at [12, 19] facing north
2025-06-25 16:55:13,600 - FactoryBuilder - INFO - Added input point for iron-plate at [9, 31] for block Block_electronic-circuit_0_0
2025-06-25 16:55:13,600 - FactoryBuilder - INFO - Added output point for iron-plate at [0, 31] for block Block_electronic-circuit_0_0
2025-06-25 16:55:13,600 - FactoryBuilder - INFO - Added output belt route for electronic-circuit at [15, 28] facing south
2025-06-25 16:55:13,600 - FactoryBuilder - INFO - Added input point for electronic-circuit at [0, 34] for block Block_electronic-circuit_0_0
2025-06-25 16:55:13,601 - FactoryBuilder - INFO - Added output point for electronic-circuit at [9, 34] for block Block_electronic-circuit_0_0
2025-06-25 16:55:13,601 - FactoryBuilder - INFO - Added belt electronic-circuit at [6, 25] facing east for block Block_electronic-circuit_0_0
2025-06-25 16:55:13,601 - FactoryBuilder - INFO - Added belt electronic-circuit at [7, 25] facing east for block Block_electronic-circuit_0_0
2025-06-25 16:55:13,601 - FactoryBuilder - INFO - Added belt electronic-circuit at [8, 25] facing east for block Block_electronic-circuit_0_0
2025-06-25 16:55:13,601 - FactoryBuilder - INFO - Added belt electronic-circuit at [9, 25] facing east for block Block_electronic-circuit_0_0
2025-06-25 16:55:13,602 - FactoryBuilder - INFO - Added belt electronic-circuit at [13, 25] facing east for block Block_electronic-circuit_0_0
2025-06-25 16:55:13,602 - FactoryBuilder - INFO - Added belt electronic-circuit at [14, 25] facing south for block Block_electronic-circuit_0_0
2025-06-25 16:55:13,602 - FactoryBuilder - INFO - Added underground belt segment electronic-circuit from [9, 25] to [13, 25] for block Block_electronic-circuit_0_0
2025-06-25 16:55:13,602 - FactoryBuilder - INFO - Added splitter electronic-circuit at [15, 26] facing south for block Block_electronic-circuit_0_0
2025-06-25 16:55:13,603 - FactoryBuilder - INFO - Added belt electronic-circuit at [6, 23] facing south for block Block_electronic-circuit_0_0
2025-06-25 16:55:13,603 - FactoryBuilder - INFO - Added belt electronic-circuit at [6, 24] facing south for block Block_electronic-circuit_0_0
2025-06-25 16:55:13,603 - FactoryBuilder - INFO - Added belt iron-plate at [11, 26] facing west for block Block_electronic-circuit_0_0
2025-06-25 16:55:13,603 - FactoryBuilder - INFO - Added belt iron-plate at [10, 26] facing west for block Block_electronic-circuit_0_0
2025-06-25 16:55:13,604 - FactoryBuilder - INFO - Added belt iron-plate at [9, 26] facing west for block Block_electronic-circuit_0_0
2025-06-25 16:55:13,604 - FactoryBuilder - INFO - Added belt iron-plate at [8, 26] facing west for block Block_electronic-circuit_0_0
2025-06-25 16:55:13,604 - FactoryBuilder - INFO - Added belt iron-plate at [7, 26] facing west for block Block_electronic-circuit_0_0
2025-06-25 16:55:13,604 - FactoryBuilder - INFO - Added belt iron-plate at [6, 26] facing south for block Block_electronic-circuit_0_0
2025-06-25 16:55:13,605 - FactoryBuilder - INFO - Added belt iron-plate at [6, 27] facing south for block Block_electronic-circuit_0_0
2025-06-25 16:55:13,605 - FactoryBuilder - INFO - Added splitter iron-plate at [12, 27] facing north for block Block_electronic-circuit_0_0
2025-06-25 16:55:13,605 - FactoryBuilder - INFO - Added belt iron-plate at [11, 22] facing west for block Block_electronic-circuit_0_0
2025-06-25 16:55:13,605 - FactoryBuilder - INFO - Added belt iron-plate at [10, 22] facing west for block Block_electronic-circuit_0_0
2025-06-25 16:55:13,606 - FactoryBuilder - INFO - Added belt iron-plate at [9, 22] facing west for block Block_electronic-circuit_0_0
2025-06-25 16:55:13,606 - FactoryBuilder - INFO - Added belt iron-plate at [8, 22] facing west for block Block_electronic-circuit_0_0
2025-06-25 16:55:13,606 - FactoryBuilder - INFO - Added belt iron-plate at [7, 22] facing west for block Block_electronic-circuit_0_0
2025-06-25 16:55:13,606 - FactoryBuilder - INFO - Added belt iron-plate at [6, 22] facing west for block Block_electronic-circuit_0_0
2025-06-25 16:55:13,606 - FactoryBuilder - INFO - Added splitter iron-plate at [12, 23] facing north for block Block_electronic-circuit_0_0
2025-06-25 16:55:13,607 - FactoryBuilder - INFO - Added power pole medium-electric-pole at [2, 21] for block Block_electronic-circuit_0_0
2025-06-25 16:55:13,607 - FactoryBuilder - INFO - Added power pole medium-electric-pole at [2, 28] for block Block_electronic-circuit_0_0
2025-06-25 16:55:13,608 - FactoryBuilder - INFO - Processing module data from E:/Programmieren/Bachelor-Thesis/Modules/copper-cable_300_[]_module.json for block Block_copper-cable_1_0
2025-06-25 16:55:13,608 - FactoryBuilder - INFO - Added assembler copper-cable at [2, 8] for block Block_copper-cable_1_0
2025-06-25 16:55:13,608 - FactoryBuilder - INFO - Added assembler copper-cable at [2, 11] for block Block_copper-cable_1_0
2025-06-25 16:55:13,608 - FactoryBuilder - INFO - Added assembler copper-cable at [2, 15] for block Block_copper-cable_1_0
2025-06-25 16:55:13,609 - FactoryBuilder - INFO - Added inserter copper-plate at [1, 10] facing east for block Block_copper-cable_1_0
2025-06-25 16:55:13,609 - FactoryBuilder - INFO - Added inserter copper-plate at [1, 9] facing east for block Block_copper-cable_1_0
2025-06-25 16:55:13,609 - FactoryBuilder - INFO - Added inserter copper-plate at [1, 11] facing east for block Block_copper-cable_1_0
2025-06-25 16:55:13,609 - FactoryBuilder - INFO - Added inserter copper-plate at [1, 12] facing east for block Block_copper-cable_1_0
2025-06-25 16:55:13,609 - FactoryBuilder - INFO - Added inserter copper-plate at [1, 17] facing east for block Block_copper-cable_1_0
2025-06-25 16:55:13,609 - FactoryBuilder - INFO - Added inserter copper-plate at [1, 15] facing east for block Block_copper-cable_1_0
2025-06-25 16:55:13,609 - FactoryBuilder - INFO - Added placed inserter for copper-cable at [5, 8] facing east
2025-06-25 16:55:13,610 - FactoryBuilder - INFO - Added placed inserter for copper-cable at [5, 9] facing east
2025-06-25 16:55:13,610 - FactoryBuilder - INFO - Added placed inserter for copper-cable at [5, 10] facing east
2025-06-25 16:55:13,610 - FactoryBuilder - INFO - Added placed inserter for copper-cable at [5, 11] facing east
2025-06-25 16:55:13,610 - FactoryBuilder - INFO - Added placed inserter for copper-cable at [5, 12] facing east
2025-06-25 16:55:13,610 - FactoryBuilder - INFO - Added placed inserter for copper-cable at [5, 13] facing east
2025-06-25 16:55:13,611 - FactoryBuilder - INFO - Added placed inserter for copper-cable at [5, 15] facing east
2025-06-25 16:55:13,611 - FactoryBuilder - INFO - Added placed inserter for copper-cable at [5, 16] facing east
2025-06-25 16:55:13,611 - FactoryBuilder - INFO - Added placed inserter for copper-cable at [5, 17] facing east
2025-06-25 16:55:13,613 - FactoryBuilder - DEBUG - Module data for block Block_copper-cable_1_0: {'output_item': 'copper-cable', 'max_ouput': 360.0, 'amount': 300, 'production_data': {'copper-cable': {'amount_per_minute': 300, 'assemblers': 3, 'input_inserters': [{'id': 'copper-plate', 'inserters': 2, 'amount': 1}], 'belts': 1, 'capacity': 0}, 'copper-plate': {'amount_per_minute': 150.0, 'capacity': 0}}, 'grid_width': 16, 'grid_height': 10, 'input_items': ['copper-plate'], 'input_information': {'copper-plate': {'input': [9, 0], 'output': [0, 0], 'paths': {'copper-plate': [{'path': [[0, 9], [0, 8], [0, 7], [0, 6], [0, 5], [0, 4], [0, 3], [0, 2], [0, 1], [0, 0]], 'start': [0, 9], 'destination': [0, 0], 'underground_segments': {}, 'start_splitter': False, 'dest_splitter': False, 'orientation': {'(0, 9)': [0, -1], '(0, 8)': [0, -1], '(0, 7)': [0, -1], '(0, 6)': [0, -1], '(0, 5)': [0, -1], '(0, 4)': [0, -1], '(0, 3)': [0, -1], '(0, 2)': [0, -1], '(0, 1)': [0, -1], '(0, 0)': [0, -1]}}]}}}, 'output_information': {'copper-cable': {'input': [9, 15], 'output': [0, 15], 'paths': {'copper-cable': [{'path': [[15, 9], [15, 8], [15, 7], [15, 6], [15, 5], [15, 4], [15, 3], [15, 2], [15, 1], [15, 0]], 'start': [15, 9], 'destination': [15, 0], 'underground_segments': {}, 'start_splitter': None, 'dest_splitter': None, 'orientation': {'(15, 9)': [0, -1], '(15, 8)': [0, -1], '(15, 7)': [0, -1], '(15, 6)': [0, -1], '(15, 5)': [0, -1], '(15, 4)': [0, -1], '(15, 3)': [0, -1], '(15, 2)': [0, -1], '(15, 1)': [0, -1], '(15, 0)': [0, -1]}}]}}}, 'inserter_information': [['copper-plate', 1, 2, 'east'], ['copper-plate', 1, 1, 'east'], ['copper-plate', 1, 3, 'east'], ['copper-plate', 1, 4, 'east'], ['copper-plate', 1, 9, 'east'], ['copper-plate', 1, 7, 'east']], 'belt_point_information': [['copper-plate', 0, 2, 'end'], ['copper-plate', 0, 1, 'end'], ['copper-plate', 0, 3, 'end'], ['copper-plate', 0, 4, 'end'], ['copper-plate', 0, 9, 'end'], ['copper-plate', 0, 7, 'end']], 'assembler_information': [['copper-cable', 2, 0, 3, 3, 'assembling-machine-1', 0], ['copper-cable', 2, 3, 3, 3, 'assembling-machine-1', 0], ['copper-cable', 2, 7, 3, 3, 'assembling-machine-1', 0]], 'retrieval_points': {'copper-cable_0_0': {'item': 'copper-cable', 'destination': [[15, 5], [15, 8], [15, 4], [15, 1], [15, 7], [15, 0], [15, 6], [15, 3], [15, 9], [15, 2]], 'start_points': [[6, 0]], 'inserter_mapping': {'(6, 0)': [5, 0], '(6, 1)': [5, 1], '(6, 2)': [5, 2]}}, 'copper-cable_0_1': {'item': 'copper-cable', 'destination': [[15, 5], [15, 8], [15, 4], [15, 1], [15, 7], [15, 0], [15, 6], [15, 3], [15, 9], [15, 2]], 'start_points': [[6, 1]], 'inserter_mapping': {'(6, 0)': [5, 0], '(6, 1)': [5, 1], '(6, 2)': [5, 2]}}, 'copper-cable_0_2': {'item': 'copper-cable', 'destination': [[15, 5], [15, 8], [15, 4], [15, 1], [15, 7], [15, 0], [15, 6], [15, 3], [15, 9], [15, 2]], 'start_points': [[6, 2]], 'inserter_mapping': {'(6, 0)': [5, 0], '(6, 1)': [5, 1], '(6, 2)': [5, 2]}}, 'copper-cable_1_0': {'item': 'copper-cable', 'destination': [[15, 5], [15, 8], [15, 4], [15, 1], [15, 7], [15, 0], [15, 6], [15, 3], [15, 9], [15, 2]], 'start_points': [[6, 3]], 'inserter_mapping': {'(6, 3)': [5, 3], '(6, 4)': [5, 4], '(6, 5)': [5, 5]}}, 'copper-cable_1_1': {'item': 'copper-cable', 'destination': [[15, 5], [15, 8], [15, 4], [15, 1], [15, 7], [15, 0], [15, 6], [15, 3], [15, 9], [15, 2]], 'start_points': [[6, 4]], 'inserter_mapping': {'(6, 3)': [5, 3], '(6, 4)': [5, 4], '(6, 5)': [5, 5]}}, 'copper-cable_1_2': {'item': 'copper-cable', 'destination': [[15, 5], [15, 8], [15, 4], [15, 1], [15, 7], [15, 0], [15, 6], [15, 3], [15, 9], [15, 2]], 'start_points': [[6, 5]], 'inserter_mapping': {'(6, 3)': [5, 3], '(6, 4)': [5, 4], '(6, 5)': [5, 5]}}, 'copper-cable_2_0': {'item': 'copper-cable', 'destination': [[15, 5], [15, 8], [15, 4], [15, 1], [15, 7], [15, 0], [15, 6], [15, 3], [15, 9], [15, 2]], 'start_points': [[6, 7]], 'inserter_mapping': {'(6, 7)': [5, 7], '(6, 8)': [5, 8], '(6, 9)': [5, 9]}}, 'copper-cable_2_1': {'item': 'copper-cable', 'destination': [[15, 5], [15, 8], [15, 4], [15, 1], [15, 7], [15, 0], [15, 6], [15, 3], [15, 9], [15, 2]], 'start_points': [[6, 8]], 'inserter_mapping': {'(6, 7)': [5, 7], '(6, 8)': [5, 8], '(6, 9)': [5, 9]}}, 'copper-cable_2_2': {'item': 'copper-cable', 'destination': [[15, 5], [15, 8], [15, 4], [15, 1], [15, 7], [15, 0], [15, 6], [15, 3], [15, 9], [15, 2]], 'start_points': [[6, 9]], 'inserter_mapping': {'(6, 7)': [5, 7], '(6, 8)': [5, 8], '(6, 9)': [5, 9]}}}, 'obstacle_map': [[1, 0, 33, 33, 33, 0, 0, 0, 0, 0, 0, 0, 0, 0, 0, 22], [99, 44, 33, 33, 33, 0, 0, 0, 0, 0, 0, 0, 0, 0, 0, 22], [99, 44, 33, 33, 33, 0, 0, 0, 0, 0, 0, 0, 0, 0, 0, 22], [99, 44, 33, 33, 33, 0, 0, 0, 0, 0, 0, 0, 0, 0, 0, 22], [99, 44, 33, 33, 33, 0, 0, 0, 0, 0, 0, 0, 0, 0, 0, 22], [1, 0, 33, 33, 33, 0, 0, 0, 0, 0, 0, 0, 0, 0, 0, 22], [1, 0, 0, 0, 0, 0, 0, 0, 0, 0, 0, 0, 0, 0, 0, 22], [99, 44, 33, 33, 33, 0, 0, 0, 0, 0, 0, 0, 0, 0, 0, 22], [1, 0, 33, 33, 33, 0, 0, 0, 0, 0, 0, 0, 0, 0, 0, 22], [99, 44, 33, 33, 33, 0, 0, 0, 0, 0, 0, 0, 0, 0, 0, 22]], 'paths': {'copper-cable_0_0': [{'path': [[6, 0], [6, 1], [6, 2], [7, 2], [8, 2], [9, 2], [10, 2], [11, 2], [12, 2], [13, 2], [14, 2]], 'start': [6, 0], 'destination': [14, 2], 'underground_segments': {}, 'start_splitter': None, 'dest_splitter': {'item': 'copper-cable', 'position': [15, 1], 'next_position': [14, 1], 'direction': [0, -1], 'inputs': [[14, 2]], 'outputs': [[14, 0]]}}], 'copper-cable_1_0': [{'path': [[6, 3], [6, 2]], 'start': [6, 3], 'destination': [6, 2], 'underground_segments': {}, 'start_splitter': None, 'dest_splitter': None}], 'copper-cable_1_1': [{'path': [[6, 4], [6, 3]], 'start': [6, 4], 'destination': [6, 3], 'underground_segments': {}, 'start_splitter': None, 'dest_splitter': None}], 'copper-cable_1_2': [{'path': [[6, 5], [6, 4]], 'start': [6, 5], 'destination': [6, 4], 'underground_segments': {}, 'start_splitter': None, 'dest_splitter': None}], 'copper-cable_2_0': [{'path': [[6, 7], [6, 6], [6, 5]], 'start': [6, 7], 'destination': [6, 5], 'underground_segments': {}, 'start_splitter': None, 'dest_splitter': None}], 'copper-cable_2_1': [{'path': [[6, 8], [6, 7]], 'start': [6, 8], 'destination': [6, 7], 'underground_segments': {}, 'start_splitter': None, 'dest_splitter': None}], 'copper-cable_2_2': [{'path': [[6, 9], [6, 8]], 'start': [6, 9], 'destination': [6, 8], 'underground_segments': {}, 'start_splitter': None, 'dest_splitter': None}]}, 'placed_inserter_information': {'copper-cable_0_0': {'(6, 0)': [5, 0]}, 'copper-cable_0_1': {'(6, 1)': [5, 1]}, 'copper-cable_0_2': {'(6, 2)': [5, 2]}, 'copper-cable_1_0': {'(6, 3)': [5, 3]}, 'copper-cable_1_1': {'(6, 4)': [5, 4]}, 'copper-cable_1_2': {'(6, 5)': [5, 5]}, 'copper-cable_2_0': {'(6, 7)': [5, 7]}, 'copper-cable_2_1': {'(6, 8)': [5, 8]}, 'copper-cable_2_2': {'(6, 9)': [5, 9]}}, 'power_pole_information': [['medium-electric-pole', 1, 0], ['medium-electric-pole', 1, 6]]}
2025-06-25 16:55:13,613 - FactoryBuilder - INFO - Added input belt route for copper-plate at [0, 8] facing north
2025-06-25 16:55:13,613 - FactoryBuilder - INFO - Added input point for copper-plate at [9, 8] for block Block_copper-cable_1_0
2025-06-25 16:55:13,613 - FactoryBuilder - INFO - Added output point for copper-plate at [0, 8] for block Block_copper-cable_1_0
2025-06-25 16:55:13,613 - FactoryBuilder - INFO - Added output belt route for copper-cable at [15, 8] facing north
2025-06-25 16:55:13,614 - FactoryBuilder - INFO - Added input point for copper-cable at [9, 23] for block Block_copper-cable_1_0
2025-06-25 16:55:13,614 - FactoryBuilder - INFO - Added output point for copper-cable at [0, 23] for block Block_copper-cable_1_0
2025-06-25 16:55:13,614 - FactoryBuilder - INFO - Added belt copper-cable at [6, 8] facing south for block Block_copper-cable_1_0
2025-06-25 16:55:13,614 - FactoryBuilder - INFO - Added belt copper-cable at [6, 9] facing south for block Block_copper-cable_1_0
2025-06-25 16:55:13,614 - FactoryBuilder - INFO - Added belt copper-cable at [6, 10] facing east for block Block_copper-cable_1_0
2025-06-25 16:55:13,615 - FactoryBuilder - INFO - Added belt copper-cable at [7, 10] facing east for block Block_copper-cable_1_0
2025-06-25 16:55:13,615 - FactoryBuilder - INFO - Added belt copper-cable at [8, 10] facing east for block Block_copper-cable_1_0
2025-06-25 16:55:13,615 - FactoryBuilder - INFO - Added belt copper-cable at [9, 10] facing east for block Block_copper-cable_1_0
2025-06-25 16:55:13,615 - FactoryBuilder - INFO - Added belt copper-cable at [10, 10] facing east for block Block_copper-cable_1_0
2025-06-25 16:55:13,615 - FactoryBuilder - INFO - Added belt copper-cable at [11, 10] facing east for block Block_copper-cable_1_0
2025-06-25 16:55:13,615 - FactoryBuilder - INFO - Added belt copper-cable at [12, 10] facing east for block Block_copper-cable_1_0
2025-06-25 16:55:13,615 - FactoryBuilder - INFO - Added belt copper-cable at [13, 10] facing east for block Block_copper-cable_1_0
2025-06-25 16:55:13,615 - FactoryBuilder - INFO - Added belt copper-cable at [14, 10] facing north for block Block_copper-cable_1_0
2025-06-25 16:55:13,617 - FactoryBuilder - INFO - Added splitter copper-cable at [15, 9] facing north for block Block_copper-cable_1_0
2025-06-25 16:55:13,617 - FactoryBuilder - INFO - Added belt copper-cable at [6, 11] facing north for block Block_copper-cable_1_0
2025-06-25 16:55:13,617 - FactoryBuilder - INFO - Added belt copper-cable at [6, 12] facing north for block Block_copper-cable_1_0
2025-06-25 16:55:13,617 - FactoryBuilder - INFO - Added belt copper-cable at [6, 13] facing north for block Block_copper-cable_1_0
2025-06-25 16:55:13,618 - FactoryBuilder - INFO - Added belt copper-cable at [6, 15] facing north for block Block_copper-cable_1_0
2025-06-25 16:55:13,618 - FactoryBuilder - INFO - Added belt copper-cable at [6, 14] facing north for block Block_copper-cable_1_0
2025-06-25 16:55:13,618 - FactoryBuilder - INFO - Added belt copper-cable at [6, 16] facing north for block Block_copper-cable_1_0
2025-06-25 16:55:13,618 - FactoryBuilder - INFO - Added belt copper-cable at [6, 17] facing north for block Block_copper-cable_1_0
2025-06-25 16:55:13,618 - FactoryBuilder - INFO - Added power pole medium-electric-pole at [1, 8] for block Block_copper-cable_1_0
2025-06-25 16:55:13,618 - FactoryBuilder - INFO - Added power pole medium-electric-pole at [1, 14] for block Block_copper-cable_1_0
2025-06-25 16:55:13,625 - FactoryBuilder - INFO - Factory JSON data saved to Factorys/factory_electronic-circuit_100.json
2025-06-25 16:55:13,625 - FactoryBuilder - INFO - Planning inter-block paths with detailed obstacles...
2025-06-25 16:55:13,626 - FactoryBuilder - WARNING - No valid connections to route! Please check your gate connections.
2025-06-25 16:55:13,642 - FactoryBuilder - INFO - Adding 0 inter-block paths to Factorys/factory_electronic-circuit_100.json
2025-06-25 16:55:13,653 - FactoryBuilder - INFO - Successfully added 0 inter-block paths to Factorys/factory_electronic-circuit_100.json
2025-06-25 16:55:13,670 - FactoryBuilder - INFO - Creating blueprint from Factorys/factory_electronic-circuit_100.json
2025-06-25 16:55:13,673 - FactoryBuilder - INFO - 1. Placing assembling machines...
2025-06-25 16:55:13,673 - FactoryBuilder - INFO -   - Placing assembler for electronic-circuit at (3,26)
2025-06-25 16:55:13,674 - FactoryBuilder - INFO -   - Placing assembler for electronic-circuit at (3,23)
2025-06-25 16:55:13,675 - FactoryBuilder - INFO -   - Placing assembler for copper-cable at (3,9)
2025-06-25 16:55:13,675 - FactoryBuilder - INFO -   - Placing assembler for copper-cable at (3,12)
2025-06-25 16:55:13,676 - FactoryBuilder - INFO -   - Placing assembler for copper-cable at (3,16)
2025-06-25 16:55:13,677 - FactoryBuilder - INFO - 2. Placing inserters...
2025-06-25 16:55:13,677 - FactoryBuilder - INFO -   - Placing inserter for copper-cable at (1, 27) facing 12
2025-06-25 16:55:13,679 - FactoryBuilder - INFO -   - Placing inserter for copper-cable at (1, 25) facing 12
2025-06-25 16:55:13,680 - FactoryBuilder - INFO -   - Placing inserter for copper-cable at (1, 26) facing 12
2025-06-25 16:55:13,682 - FactoryBuilder - INFO -   - Placing inserter for iron-plate at (5, 27) facing 4
2025-06-25 16:55:13,683 - FactoryBuilder - INFO -   - Placing inserter for copper-cable at (1, 24) facing 12
2025-06-25 16:55:13,685 - FactoryBuilder - INFO -   - Placing inserter for copper-cable at (1, 22) facing 12
2025-06-25 16:55:13,687 - FactoryBuilder - INFO -   - Placing inserter for copper-cable at (1, 23) facing 12
2025-06-25 16:55:13,688 - FactoryBuilder - INFO -   - Placing inserter for iron-plate at (5, 22) facing 4
2025-06-25 16:55:13,690 - FactoryBuilder - INFO -   - Placing inserter for electronic-circuit at (5, 25) facing 12
2025-06-25 16:55:13,691 - FactoryBuilder - INFO -   - Placing inserter for electronic-circuit at (5, 23) facing 12
2025-06-25 16:55:13,693 - FactoryBuilder - INFO -   - Placing inserter for copper-plate at (1, 10) facing 12
2025-06-25 16:55:13,694 - FactoryBuilder - INFO -   - Placing inserter for copper-plate at (1, 9) facing 12
2025-06-25 16:55:13,695 - FactoryBuilder - INFO -   - Placing inserter for copper-plate at (1, 11) facing 12
2025-06-25 16:55:13,697 - FactoryBuilder - INFO -   - Placing inserter for copper-plate at (1, 12) facing 12
2025-06-25 16:55:13,699 - FactoryBuilder - INFO -   - Placing inserter for copper-plate at (1, 17) facing 12
2025-06-25 16:55:13,700 - FactoryBuilder - INFO -   - Placing inserter for copper-plate at (1, 15) facing 12
2025-06-25 16:55:13,701 - FactoryBuilder - INFO -   - Placing inserter for copper-cable at (5, 8) facing 12
2025-06-25 16:55:13,703 - FactoryBuilder - INFO -   - Placing inserter for copper-cable at (5, 9) facing 12
2025-06-25 16:55:13,704 - FactoryBuilder - INFO -   - Placing inserter for copper-cable at (5, 10) facing 12
2025-06-25 16:55:13,706 - FactoryBuilder - INFO -   - Placing inserter for copper-cable at (5, 11) facing 12
2025-06-25 16:55:13,708 - FactoryBuilder - INFO -   - Placing inserter for copper-cable at (5, 12) facing 12
2025-06-25 16:55:13,710 - FactoryBuilder - INFO -   - Placing inserter for copper-cable at (5, 13) facing 12
2025-06-25 16:55:13,711 - FactoryBuilder - INFO -   - Placing inserter for copper-cable at (5, 15) facing 12
2025-06-25 16:55:13,713 - FactoryBuilder - INFO -   - Placing inserter for copper-cable at (5, 16) facing 12
2025-06-25 16:55:13,714 - FactoryBuilder - INFO -   - Placing inserter for copper-cable at (5, 17) facing 12
2025-06-25 16:55:13,717 - FactoryBuilder - INFO - 3. Placing underground belts...
2025-06-25 16:55:13,717 - FactoryBuilder - INFO -   - Placing underground belt for electronic-circuit at (9, 25) facing 4, type: input
2025-06-25 16:55:13,718 - FactoryBuilder - INFO -   - Placing underground belt for electronic-circuit at (13, 25) facing 4, type: output
2025-06-25 16:55:13,719 - FactoryBuilder - INFO - 4. Placing splitters...
2025-06-25 16:55:13,719 - FactoryBuilder - INFO -   - Placing splitter for electronic-circuit at (15, 26) facing 8
2025-06-25 16:55:13,720 - FactoryBuilder - INFO -   - Placing splitter for iron-plate at (12, 27) facing 0
2025-06-25 16:55:13,722 - FactoryBuilder - INFO -   - Placing splitter for iron-plate at (12, 23) facing 0
2025-06-25 16:55:13,722 - FactoryBuilder - INFO -   - Placing splitter for copper-cable at (15, 9) facing 0
2025-06-25 16:55:13,723 - FactoryBuilder - INFO - 5. Placing transport belts...
2025-06-25 16:55:13,723 - FactoryBuilder - INFO -   - Placing transport belt for copper-cable at (0, 28) facing 0
2025-06-25 16:55:13,725 - FactoryBuilder - INFO -   - Placing transport belt for copper-cable at (0, 27) facing 0
2025-06-25 16:55:13,726 - FactoryBuilder - INFO -   - Placing transport belt for copper-cable at (0, 26) facing 0
2025-06-25 16:55:13,727 - FactoryBuilder - INFO -   - Placing transport belt for copper-cable at (0, 25) facing 0
2025-06-25 16:55:13,728 - FactoryBuilder - INFO -   - Placing transport belt for copper-cable at (0, 24) facing 0
2025-06-25 16:55:13,730 - FactoryBuilder - INFO -   - Placing transport belt for copper-cable at (0, 23) facing 0
2025-06-25 16:55:13,731 - FactoryBuilder - INFO -   - Placing transport belt for copper-cable at (0, 22) facing 0
2025-06-25 16:55:13,732 - FactoryBuilder - INFO -   - Placing transport belt for copper-cable at (0, 21) facing 0
2025-06-25 16:55:13,734 - FactoryBuilder - INFO -   - Placing transport belt for copper-cable at (0, 20) facing 0
2025-06-25 16:55:13,736 - FactoryBuilder - INFO -   - Placing transport belt for copper-cable at (0, 19) facing 0
2025-06-25 16:55:13,738 - FactoryBuilder - INFO -   - Placing transport belt for iron-plate at (12, 28) facing 0
2025-06-25 16:55:13,739 - FactoryBuilder - INFO -   - Skipping belt at (12, 27) due to overlap
2025-06-25 16:55:13,739 - FactoryBuilder - INFO -   - Placing transport belt for iron-plate at (12, 26) facing 0
2025-06-25 16:55:13,740 - FactoryBuilder - INFO -   - Placing transport belt for iron-plate at (12, 25) facing 0
2025-06-25 16:55:13,741 - FactoryBuilder - INFO -   - Placing transport belt for iron-plate at (12, 24) facing 0
2025-06-25 16:55:13,742 - FactoryBuilder - INFO -   - Skipping belt at (12, 23) due to overlap
2025-06-25 16:55:13,742 - FactoryBuilder - INFO -   - Placing transport belt for iron-plate at (12, 22) facing 0
2025-06-25 16:55:13,743 - FactoryBuilder - INFO -   - Placing transport belt for iron-plate at (12, 21) facing 0
2025-06-25 16:55:13,744 - FactoryBuilder - INFO -   - Placing transport belt for iron-plate at (12, 20) facing 0
2025-06-25 16:55:13,745 - FactoryBuilder - INFO -   - Placing transport belt for iron-plate at (12, 19) facing 0
2025-06-25 16:55:13,747 - FactoryBuilder - INFO -   - Placing transport belt for electronic-circuit at (15, 19) facing 8
2025-06-25 16:55:13,748 - FactoryBuilder - INFO -   - Placing transport belt for electronic-circuit at (15, 20) facing 8
2025-06-25 16:55:13,749 - FactoryBuilder - INFO -   - Placing transport belt for electronic-circuit at (15, 21) facing 8
2025-06-25 16:55:13,750 - FactoryBuilder - INFO -   - Placing transport belt for electronic-circuit at (15, 22) facing 8
2025-06-25 16:55:13,751 - FactoryBuilder - INFO -   - Placing transport belt for electronic-circuit at (15, 23) facing 8
2025-06-25 16:55:13,753 - FactoryBuilder - INFO -   - Placing transport belt for electronic-circuit at (15, 24) facing 8
2025-06-25 16:55:13,754 - FactoryBuilder - INFO -   - Placing transport belt for electronic-circuit at (15, 25) facing 8
2025-06-25 16:55:13,755 - FactoryBuilder - INFO -   - Skipping belt at (15, 26) due to overlap
2025-06-25 16:55:13,755 - FactoryBuilder - INFO -   - Placing transport belt for electronic-circuit at (15, 27) facing 8
2025-06-25 16:55:13,756 - FactoryBuilder - INFO -   - Placing transport belt for electronic-circuit at (15, 28) facing 8
2025-06-25 16:55:13,758 - FactoryBuilder - INFO -   - Placing transport belt for electronic-circuit at (6, 25) facing 4
2025-06-25 16:55:13,760 - FactoryBuilder - INFO -   - Placing transport belt for electronic-circuit at (7, 25) facing 4
2025-06-25 16:55:13,761 - FactoryBuilder - INFO -   - Placing transport belt for electronic-circuit at (8, 25) facing 4
2025-06-25 16:55:13,764 - FactoryBuilder - INFO -   - Skipping belt at (9, 25) due to overlap
2025-06-25 16:55:13,764 - FactoryBuilder - INFO -   - Skipping belt at (13, 25) due to overlap
2025-06-25 16:55:13,764 - FactoryBuilder - INFO -   - Placing transport belt for electronic-circuit at (14, 25) facing 8
2025-06-25 16:55:13,765 - FactoryBuilder - INFO -   - Placing transport belt for electronic-circuit at (6, 23) facing 8
2025-06-25 16:55:13,767 - FactoryBuilder - INFO -   - Placing transport belt for electronic-circuit at (6, 24) facing 8
2025-06-25 16:55:13,769 - FactoryBuilder - INFO -   - Placing transport belt for iron-plate at (11, 26) facing 12
2025-06-25 16:55:13,770 - FactoryBuilder - INFO -   - Placing transport belt for iron-plate at (10, 26) facing 12
2025-06-25 16:55:13,771 - FactoryBuilder - INFO -   - Placing transport belt for iron-plate at (9, 26) facing 12
2025-06-25 16:55:13,772 - FactoryBuilder - INFO -   - Placing transport belt for iron-plate at (8, 26) facing 12
2025-06-25 16:55:13,775 - FactoryBuilder - INFO -   - Placing transport belt for iron-plate at (7, 26) facing 12
2025-06-25 16:55:13,777 - FactoryBuilder - INFO -   - Placing transport belt for iron-plate at (6, 26) facing 8
2025-06-25 16:55:13,778 - FactoryBuilder - INFO -   - Placing transport belt for iron-plate at (6, 27) facing 8
2025-06-25 16:55:13,780 - FactoryBuilder - INFO -   - Placing transport belt for iron-plate at (11, 22) facing 12
2025-06-25 16:55:13,781 - FactoryBuilder - INFO -   - Placing transport belt for iron-plate at (10, 22) facing 12
2025-06-25 16:55:13,783 - FactoryBuilder - INFO -   - Placing transport belt for iron-plate at (9, 22) facing 12
2025-06-25 16:55:13,784 - FactoryBuilder - INFO -   - Placing transport belt for iron-plate at (8, 22) facing 12
2025-06-25 16:55:13,786 - FactoryBuilder - INFO -   - Placing transport belt for iron-plate at (7, 22) facing 12
2025-06-25 16:55:13,789 - FactoryBuilder - INFO -   - Placing transport belt for iron-plate at (6, 22) facing 12
2025-06-25 16:55:13,791 - FactoryBuilder - INFO -   - Placing transport belt for copper-plate at (0, 17) facing 0
2025-06-25 16:55:13,793 - FactoryBuilder - INFO -   - Placing transport belt for copper-plate at (0, 16) facing 0
2025-06-25 16:55:13,795 - FactoryBuilder - INFO -   - Placing transport belt for copper-plate at (0, 15) facing 0
2025-06-25 16:55:13,796 - FactoryBuilder - INFO -   - Placing transport belt for copper-plate at (0, 14) facing 0
2025-06-25 16:55:13,798 - FactoryBuilder - INFO -   - Placing transport belt for copper-plate at (0, 13) facing 0
2025-06-25 16:55:13,800 - FactoryBuilder - INFO -   - Placing transport belt for copper-plate at (0, 12) facing 0
2025-06-25 16:55:13,802 - FactoryBuilder - INFO -   - Placing transport belt for copper-plate at (0, 11) facing 0
2025-06-25 16:55:13,804 - FactoryBuilder - INFO -   - Placing transport belt for copper-plate at (0, 10) facing 0
2025-06-25 16:55:13,806 - FactoryBuilder - INFO -   - Placing transport belt for copper-plate at (0, 9) facing 0
2025-06-25 16:55:13,808 - FactoryBuilder - INFO -   - Placing transport belt for copper-plate at (0, 8) facing 0
2025-06-25 16:55:13,810 - FactoryBuilder - INFO -   - Placing transport belt for copper-cable at (15, 17) facing 0
2025-06-25 16:55:13,812 - FactoryBuilder - INFO -   - Placing transport belt for copper-cable at (15, 16) facing 0
2025-06-25 16:55:13,814 - FactoryBuilder - INFO -   - Placing transport belt for copper-cable at (15, 15) facing 0
2025-06-25 16:55:13,815 - FactoryBuilder - INFO -   - Placing transport belt for copper-cable at (15, 14) facing 0
2025-06-25 16:55:13,816 - FactoryBuilder - INFO -   - Placing transport belt for copper-cable at (15, 13) facing 0
2025-06-25 16:55:13,817 - FactoryBuilder - INFO -   - Placing transport belt for copper-cable at (15, 12) facing 0
2025-06-25 16:55:13,818 - FactoryBuilder - INFO -   - Placing transport belt for copper-cable at (15, 11) facing 0
2025-06-25 16:55:13,819 - FactoryBuilder - INFO -   - Placing transport belt for copper-cable at (15, 10) facing 0
2025-06-25 16:55:13,820 - FactoryBuilder - INFO -   - Skipping belt at (15, 9) due to overlap
2025-06-25 16:55:13,820 - FactoryBuilder - INFO -   - Placing transport belt for copper-cable at (15, 8) facing 0
2025-06-25 16:55:13,820 - FactoryBuilder - INFO -   - Placing transport belt for copper-cable at (6, 8) facing 8
2025-06-25 16:55:13,822 - FactoryBuilder - INFO -   - Placing transport belt for copper-cable at (6, 9) facing 8
2025-06-25 16:55:13,824 - FactoryBuilder - INFO -   - Placing transport belt for copper-cable at (6, 10) facing 4
2025-06-25 16:55:13,826 - FactoryBuilder - INFO -   - Placing transport belt for copper-cable at (7, 10) facing 4
2025-06-25 16:55:13,827 - FactoryBuilder - INFO -   - Placing transport belt for copper-cable at (8, 10) facing 4
2025-06-25 16:55:13,829 - FactoryBuilder - INFO -   - Placing transport belt for copper-cable at (9, 10) facing 4
2025-06-25 16:55:13,830 - FactoryBuilder - INFO -   - Placing transport belt for copper-cable at (10, 10) facing 4
2025-06-25 16:55:13,831 - FactoryBuilder - INFO -   - Placing transport belt for copper-cable at (11, 10) facing 4
2025-06-25 16:55:13,833 - FactoryBuilder - INFO -   - Placing transport belt for copper-cable at (12, 10) facing 4
2025-06-25 16:55:13,835 - FactoryBuilder - INFO -   - Placing transport belt for copper-cable at (13, 10) facing 4
2025-06-25 16:55:13,836 - FactoryBuilder - INFO -   - Placing transport belt for copper-cable at (14, 10) facing 0
2025-06-25 16:55:13,837 - FactoryBuilder - INFO -   - Placing transport belt for copper-cable at (6, 11) facing 0
2025-06-25 16:55:13,839 - FactoryBuilder - INFO -   - Placing transport belt for copper-cable at (6, 12) facing 0
2025-06-25 16:55:13,841 - FactoryBuilder - INFO -   - Placing transport belt for copper-cable at (6, 13) facing 0
2025-06-25 16:55:13,843 - FactoryBuilder - INFO -   - Placing transport belt for copper-cable at (6, 15) facing 0
2025-06-25 16:55:13,845 - FactoryBuilder - INFO -   - Placing transport belt for copper-cable at (6, 14) facing 0
2025-06-25 16:55:13,847 - FactoryBuilder - INFO -   - Placing transport belt for copper-cable at (6, 16) facing 0
2025-06-25 16:55:13,850 - FactoryBuilder - INFO -   - Placing transport belt for copper-cable at (6, 17) facing 0
2025-06-25 16:55:13,851 - FactoryBuilder - INFO - 6. Placing external I/O points as constant combinators...
2025-06-25 16:55:13,851 - FactoryBuilder - INFO - 7. Placing power poles...
2025-06-25 16:55:13,851 - FactoryBuilder - INFO -   - Placing medium-electric-pole at (2,21)
2025-06-25 16:55:13,851 - FactoryBuilder - INFO -   - Placed medium-electric-pole at (2,21)
2025-06-25 16:55:13,853 - FactoryBuilder - INFO -   - Placing medium-electric-pole at (2,28)
2025-06-25 16:55:13,854 - FactoryBuilder - INFO -   - Placed medium-electric-pole at (2,28)
2025-06-25 16:55:13,856 - FactoryBuilder - INFO -   - Placing medium-electric-pole at (1,8)
2025-06-25 16:55:13,856 - FactoryBuilder - INFO -   - Placed medium-electric-pole at (1,8)
2025-06-25 16:55:13,858 - FactoryBuilder - INFO -   - Placing medium-electric-pole at (1,14)
2025-06-25 16:55:13,859 - FactoryBuilder - INFO -   - Placed medium-electric-pole at (1,14)
2025-06-25 16:55:13,860 - FactoryBuilder - INFO - 8. Placing inter-module paths...
2025-06-25 16:55:13,860 - FactoryBuilder - INFO - Error creating blueprint: 'list' object has no attribute 'values'
2025-06-25 16:55:14,586 - FactoryBuilder - INFO - Visualization saved to Factorys/factory_electronic-circuit_100.png
2025-06-25 16:55:34,412 - FactoryBuilder - INFO - Factory dimensions: 16 x 30
2025-06-25 16:55:34,413 - FactoryBuilder - INFO - Final blocks: {'fixed_block_external_input_iron-plate': {'x': 1, 'y': 29, 'width': 1, 'height': 1, 'input_points': [{'id': 'external_input_iron-plate', 'item': 'iron-plate', 'type': 'input', 'x': 1, 'y': 29}], 'output_points': [], 'module_json': None, 'block_type': 'block'}, 'fixed_block_external_input_copper-plate': {'x': 3, 'y': 29, 'width': 1, 'height': 1, 'input_points': [{'id': 'external_input_copper-plate', 'item': 'copper-plate', 'type': 'input', 'x': 3, 'y': 29}], 'output_points': [], 'module_json': None, 'block_type': 'block'}, 'fixed_block_external_output_electronic-circuit': {'x': 7, 'y': 29, 'width': 1, 'height': 1, 'input_points': [], 'output_points': [{'id': 'external_output_electronic-circuit', 'item': 'electronic-circuit', 'type': 'output', 'x': 7, 'y': 29}], 'module_json': None, 'block_type': 'block'}, 'Block_electronic-circuit_0_0': {'x': 0, 'y': 19, 'width': 16, 'height': 10, 'input_points': [{'id': 'electronic-circuit_input_copper-cable_0_0', 'item': 'copper-cable', 'type': 'input', 'x': 9, 'y': 19}, {'id': 'electronic-circuit_input_iron-plate_0_0', 'item': 'iron-plate', 'type': 'input', 'x': 9, 'y': 31}, {'id': 'electronic-circuit_input_electronic-circuit_0_0', 'item': 'electronic-circuit', 'type': 'input', 'x': 0, 'y': 34}], 'output_points': [{'id': 'electronic-circuit_output_copper-cable_0_0', 'item': 'copper-cable', 'type': 'output', 'x': 0, 'y': 19}, {'id': 'electronic-circuit_output_iron-plate_0_0', 'item': 'iron-plate', 'type': 'output', 'x': 0, 'y': 31}, {'id': 'electronic-circuit_output_electronic-circuit_0_0', 'item': 'electronic-circuit', 'type': 'output', 'x': 9, 'y': 34}], 'module_json': "E:/Programmieren/Bachelor-Thesis/Modules/electronic-circuit_120_['copper-cable']_module.json", 'block_type': 'electronic-circuit'}, 'Block_copper-cable_1_0': {'x': 0, 'y': 8, 'width': 16, 'height': 10, 'input_points': [{'id': 'copper-cable_input_copper-plate_1_0', 'item': 'copper-plate', 'type': 'input', 'x': 9, 'y': 8}, {'id': 'copper-cable_input_copper-cable_1_0', 'item': 'copper-cable', 'type': 'input', 'x': 9, 'y': 23}], 'output_points': [{'id': 'copper-cable_output_copper-plate_1_0', 'item': 'copper-plate', 'type': 'output', 'x': 0, 'y': 8}, {'id': 'copper-cable_output_copper-cable_1_0', 'item': 'copper-cable', 'type': 'output', 'x': 0, 'y': 23}], 'module_json': 'E:/Programmieren/Bachelor-Thesis/Modules/copper-cable_300_[]_module.json', 'block_type': 'copper-cable'}}
2025-06-25 16:55:34,413 - FactoryBuilder - INFO - Gate connections: [{'source': <FactoryZ3Solver.Gate object at 0x000001F6025F81D0>, 'target': <FactoryZ3Solver.Gate object at 0x000001F6025AF2C0>, 'source_x': 0, 'source_y': 31, 'target_x': 1, 'target_y': 29, 'item': 'iron-plate'}, {'source': <FactoryZ3Solver.Gate object at 0x000001F6025F87D0>, 'target': <FactoryZ3Solver.Gate object at 0x000001F6025AF170>, 'source_x': 0, 'source_y': 8, 'target_x': 3, 'target_y': 29, 'item': 'copper-plate'}, {'source': <FactoryZ3Solver.Gate object at 0x000001F6025F8230>, 'target': <FactoryZ3Solver.Gate object at 0x000001F6025F8980>, 'source_x': 0, 'source_y': 19, 'target_x': 9, 'target_y': 23, 'item': 'copper-cable'}, {'source': <FactoryZ3Solver.Gate object at 0x000001F6025F8950>, 'target': <FactoryZ3Solver.Gate object at 0x000001F6025F9430>, 'source_x': 0, 'source_y': 23, 'target_x': 9, 'target_y': 19, 'item': 'copper-cable'}, {'source': <FactoryZ3Solver.Gate object at 0x000001F6025F9460>, 'target': <FactoryZ3Solver.Gate object at 0x000001F6025F8380>, 'source_x': 7, 'source_y': 29, 'target_x': 0, 'target_y': 34, 'item': 'electronic-circuit'}]
2025-06-25 16:55:34,414 - FactoryBuilder - INFO - Execution time for solve: 26.0228 seconds.
