2025-05-25 15:47:28,019 - FactorioProductionTree - INFO - Production tree data successfully loaded from Modules/electronic-circuit_100_[]_module.json
2025-05-25 15:47:28,022 - FactorioProductionTree - INFO - Creating blueprint from Modules/electronic-circuit_100_[]_module.json
2025-05-25 15:47:28,028 - FactorioProductionTree - INFO - 1. Placing assembling machines...
2025-05-25 15:47:28,029 - FactorioProductionTree - INFO -   - Placing assembler for electronic-circuit at (7,6), facing 0
2025-05-25 15:47:28,032 - FactorioProductionTree - INFO -   - Placing assembler for electronic-circuit at (7,2), facing 0
2025-05-25 15:47:28,033 - FactorioProductionTree - INFO -   - Placing assembler for copper-cable at (3,7), facing 0
2025-05-25 15:47:28,034 - FactorioProductionTree - INFO -   - Placing assembler for copper-cable at (3,4), facing 0
2025-05-25 15:47:28,036 - FactorioProductionTree - INFO -   - Placing assembler for copper-cable at (3,1), facing 0
2025-05-25 15:47:28,039 - FactorioProductionTree - INFO - 2. Placing inserters...
2025-05-25 15:47:28,040 - FactorioProductionTree - INFO - east
2025-05-25 15:47:28,040 - FactorioProductionTree - INFO -   - Placing inserter for copper-cable at (5,7) facing 12
2025-05-25 15:47:28,042 - FactorioProductionTree - INFO - east
2025-05-25 15:47:28,043 - FactorioProductionTree - INFO -   - Placing inserter for copper-cable at (5,6) facing 12
2025-05-25 15:47:28,045 - FactorioProductionTree - INFO - east
2025-05-25 15:47:28,045 - FactorioProductionTree - INFO -   - Placing inserter for copper-cable at (5,5) facing 12
2025-05-25 15:47:28,050 - FactorioProductionTree - INFO - west
2025-05-25 15:47:28,051 - FactorioProductionTree - INFO -   - Placing inserter for iron-plate at (9,5) facing 4
2025-05-25 15:47:28,055 - FactorioProductionTree - INFO - east
2025-05-25 15:47:28,055 - FactorioProductionTree - INFO -   - Placing inserter for copper-cable at (5,3) facing 12
2025-05-25 15:47:28,065 - FactorioProductionTree - INFO - east
2025-05-25 15:47:28,069 - FactorioProductionTree - INFO -   - Placing inserter for copper-cable at (5,1) facing 12
2025-05-25 15:47:28,072 - FactorioProductionTree - INFO - east
2025-05-25 15:47:28,072 - FactorioProductionTree - INFO -   - Placing inserter for copper-cable at (5,2) facing 12
2025-05-25 15:47:28,076 - FactorioProductionTree - INFO - west
2025-05-25 15:47:28,083 - FactorioProductionTree - INFO -   - Placing inserter for iron-plate at (9,1) facing 4
2025-05-25 15:47:28,088 - FactorioProductionTree - INFO - east
2025-05-25 15:47:28,089 - FactorioProductionTree - INFO -   - Placing inserter for copper-plate at (1,7) facing 12
2025-05-25 15:47:28,092 - FactorioProductionTree - INFO - east
2025-05-25 15:47:28,107 - FactorioProductionTree - INFO -   - Placing inserter for copper-plate at (1,8) facing 12
2025-05-25 15:47:28,111 - FactorioProductionTree - INFO - east
2025-05-25 15:47:28,111 - FactorioProductionTree - INFO -   - Placing inserter for copper-plate at (1,4) facing 12
2025-05-25 15:47:28,113 - FactorioProductionTree - INFO - east
2025-05-25 15:47:28,114 - FactorioProductionTree - INFO -   - Placing inserter for copper-plate at (1,5) facing 12
2025-05-25 15:47:28,117 - FactorioProductionTree - INFO - east
2025-05-25 15:47:28,121 - FactorioProductionTree - INFO -   - Placing inserter for copper-plate at (1,1) facing 12
2025-05-25 15:47:28,126 - FactorioProductionTree - INFO - east
2025-05-25 15:47:28,128 - FactorioProductionTree - INFO -   - Placing inserter for copper-plate at (1,2) facing 12
2025-05-25 15:47:28,130 - FactorioProductionTree - INFO - 3. Adding additional inserters...
2025-05-25 15:47:28,131 - FactorioProductionTree - INFO -   - Adding placed output inserters...
2025-05-25 15:47:28,131 - FactorioProductionTree - INFO -     - Processing output inserters for electronic-circuit_0_0
2025-05-25 15:47:28,131 - FactorioProductionTree - INFO -     - Skipping output inserter at [9, 5] due to overlap
2025-05-25 15:47:28,132 - FactorioProductionTree - INFO -     - Processing output inserters for electronic-circuit_1_0
2025-05-25 15:47:28,134 - FactorioProductionTree - INFO -     - Placing output inserter for electronic-circuit_1_0 at [9, 2] facing 12
2025-05-25 15:47:28,136 - FactorioProductionTree - INFO - 4. Adding path belts...
2025-05-25 15:47:28,137 - FactorioProductionTree - INFO - Found 4 path items to process
2025-05-25 15:47:28,137 - FactorioProductionTree - INFO - Processing 1 paths for item electronic-circuit_0_0
2025-05-25 15:47:28,138 - FactorioProductionTree - INFO -   - Processing belt path for electronic-circuit_0_0 with 3 points
2025-05-25 15:47:28,139 - FactorioProductionTree - INFO -   - Adding destination splitter for electronic-circuit_0_0 at [15, 6] facing [0, 1]
2025-05-25 15:47:28,142 - FactorioProductionTree - INFO -   - Found 1 underground segments
2025-05-25 15:47:28,143 - FactorioProductionTree - INFO -   - Adding underground belt segment from [10, 5] to [13, 5] facing 4
2025-05-25 15:47:28,145 - FactorioProductionTree - INFO - Processing 1 paths for item electronic-circuit_1_0
2025-05-25 15:47:28,146 - FactorioProductionTree - INFO -   - Processing belt path for electronic-circuit_1_0 with 3 points
2025-05-25 15:47:28,146 - FactorioProductionTree - INFO -   - Adding destination splitter for electronic-circuit_1_0 at [15, 3] facing [0, 1]
2025-05-25 15:47:28,147 - FactorioProductionTree - INFO -   - Found 1 underground segments
2025-05-25 15:47:28,147 - FactorioProductionTree - INFO -   - Adding underground belt segment from [10, 2] to [13, 2] facing 4
2025-05-25 15:47:28,150 - FactorioProductionTree - INFO - Processing 1 paths for item iron-plate_0
2025-05-25 15:47:28,151 - FactorioProductionTree - INFO -   - Processing belt path for iron-plate_0 with 2 points
2025-05-25 15:47:28,152 - FactorioProductionTree - INFO -   - Adding start splitter for iron-plate_0 at [12, 8] facing [0, -1]
2025-05-25 15:47:28,154 - FactorioProductionTree - INFO -   - Adding transport belt at [11, 7] facing 12
2025-05-25 15:47:28,157 - FactorioProductionTree - INFO -   - Adding last transport belt at [10, 7] facing 12
2025-05-25 15:47:28,159 - FactorioProductionTree - INFO - Processing 1 paths for item iron-plate_1
2025-05-25 15:47:28,160 - FactorioProductionTree - INFO -   - Processing belt path for iron-plate_1 with 2 points
2025-05-25 15:47:28,160 - FactorioProductionTree - INFO -   - Adding start splitter for iron-plate_1 at [12, 2] facing [0, -1]
2025-05-25 15:47:28,165 - FactorioProductionTree - INFO -   - Adding transport belt at [11, 1] facing 12
2025-05-25 15:47:28,167 - FactorioProductionTree - INFO -   - Adding last transport belt at [10, 1] facing 12
2025-05-25 15:47:28,169 - FactorioProductionTree - INFO - 5. Adding I/O belts...
2025-05-25 15:47:28,169 - FactorioProductionTree - INFO -   - Processing 2 input belt routes
2025-05-25 15:47:28,169 - FactorioProductionTree - INFO -     - Processing input paths for copper-plate
2025-05-25 15:47:28,170 - FactorioProductionTree - INFO -   - Processing belt path for copper-plate with 10 points
2025-05-25 15:47:28,170 - FactorioProductionTree - INFO -   - Adding transport belt at [0, 9] facing 0
2025-05-25 15:47:28,172 - FactorioProductionTree - INFO -   - Adding last transport belt at [0, 0] facing 0
2025-05-25 15:47:28,175 - FactorioProductionTree - INFO -   - Adding transport belt at [0, 8] facing 0
2025-05-25 15:47:28,177 - FactorioProductionTree - INFO -   - Adding transport belt at [0, 7] facing 0
2025-05-25 15:47:28,179 - FactorioProductionTree - INFO -   - Adding transport belt at [0, 6] facing 0
2025-05-25 15:47:28,182 - FactorioProductionTree - INFO -   - Adding transport belt at [0, 5] facing 0
2025-05-25 15:47:28,185 - FactorioProductionTree - INFO -   - Adding transport belt at [0, 4] facing 0
2025-05-25 15:47:28,193 - FactorioProductionTree - INFO -   - Adding transport belt at [0, 3] facing 0
2025-05-25 15:47:28,196 - FactorioProductionTree - INFO -   - Adding transport belt at [0, 2] facing 0
2025-05-25 15:47:28,204 - FactorioProductionTree - INFO -   - Adding transport belt at [0, 1] facing 0
2025-05-25 15:47:28,208 - FactorioProductionTree - INFO -     - Processing input paths for iron-plate
2025-05-25 15:47:28,209 - FactorioProductionTree - INFO -   - Processing belt path for iron-plate with 10 points
2025-05-25 15:47:28,209 - FactorioProductionTree - INFO -   - Adding transport belt at [12, 9] facing 0
2025-05-25 15:47:28,211 - FactorioProductionTree - INFO -   - Adding last transport belt at [12, 0] facing 0
2025-05-25 15:47:28,215 - FactorioProductionTree - INFO -   - Skipping belt at [12, 8] due to overlap
2025-05-25 15:47:28,218 - FactorioProductionTree - INFO -   - Adding transport belt at [12, 7] facing 0
2025-05-25 15:47:28,223 - FactorioProductionTree - INFO -   - Adding transport belt at [12, 6] facing 0
2025-05-25 15:47:28,227 - FactorioProductionTree - INFO -   - Adding transport belt at [12, 5] facing 0
2025-05-25 15:47:28,232 - FactorioProductionTree - INFO -   - Adding transport belt at [12, 4] facing 0
2025-05-25 15:47:28,236 - FactorioProductionTree - INFO -   - Adding transport belt at [12, 3] facing 0
2025-05-25 15:47:28,238 - FactorioProductionTree - INFO -   - Skipping belt at [12, 2] due to overlap
2025-05-25 15:47:28,239 - FactorioProductionTree - INFO -   - Adding transport belt at [12, 1] facing 0
2025-05-25 15:47:28,242 - FactorioProductionTree - INFO -   - Processing 1 output belt routes
2025-05-25 15:47:28,242 - FactorioProductionTree - INFO -     - Processing output paths for electronic-circuit
2025-05-25 15:47:28,243 - FactorioProductionTree - INFO -   - Processing belt path for electronic-circuit with 10 points
2025-05-25 15:47:28,244 - FactorioProductionTree - INFO -   - Adding transport belt at [15, 0] facing 8
2025-05-25 15:47:28,246 - FactorioProductionTree - INFO -   - Adding last transport belt at [15, 9] facing 8
2025-05-25 15:47:28,248 - FactorioProductionTree - INFO -   - Adding transport belt at [15, 1] facing 8
2025-05-25 15:47:28,250 - FactorioProductionTree - INFO -   - Adding transport belt at [15, 2] facing 8
2025-05-25 15:47:28,251 - FactorioProductionTree - INFO -   - Skipping belt at [15, 3] due to overlap
2025-05-25 15:47:28,252 - FactorioProductionTree - INFO -   - Adding transport belt at [15, 4] facing 8
2025-05-25 15:47:28,254 - FactorioProductionTree - INFO -   - Adding transport belt at [15, 5] facing 8
2025-05-25 15:47:28,256 - FactorioProductionTree - INFO -   - Skipping belt at [15, 6] due to overlap
2025-05-25 15:47:28,256 - FactorioProductionTree - INFO -   - Adding transport belt at [15, 7] facing 8
2025-05-25 15:47:28,259 - FactorioProductionTree - INFO -   - Adding transport belt at [15, 8] facing 8
2025-05-25 15:47:28,261 - FactorioProductionTree - INFO - 6. Placing power poles...
2025-05-25 15:47:28,261 - FactorioProductionTree - INFO -   - Placing medium-electric-pole at (4,9)
2025-05-25 15:47:28,262 - FactorioProductionTree - INFO -   - Placing medium-electric-pole at (1,3)
2025-05-25 15:47:28,263 - FactorioProductionTree - INFO -   - Placing medium-electric-pole at (8,4)
2025-05-25 15:47:28,265 - FactorioProductionTree - INFO - 7. Exporting blueprint...
2025-05-25 15:47:28,273 - FactorioProductionTree - INFO - Blueprint successfully exported to Blueprints/electronic-circuit_100_[]_module.txt
