2025-05-06 17:32:12,946 - GurobiSolver - INFO - Starting to add manual I/O constraints.
2025-05-06 17:32:12,947 - GurobiSolver - DEBUG - Processing input item 'copper-plate' with data: {'input': (9, 0), 'output': (0, 0), 'paths': {'copper-plate': [{'item': 'copper-plate', 'path': [(0, 9), (0, 8), (0, 7), (0, 6), (0, 5), (0, 4), (0, 3), (0, 2), (0, 1), (0, 0)], 'start': (0, 9), 'destination': (0, 0), 'underground_segments': {}, 'start_splitter': None, 'dest_splitter': None}]}}
2025-05-06 17:32:12,947 - GurobiSolver - INFO - Adding input belt for item 'copper-plate' at position (9, 0)
2025-05-06 17:32:12,948 - GurobiSolver - INFO - Adding output belt for item 'copper-plate' at position (0, 0)
2025-05-06 17:32:12,949 - GurobiSolver - DEBUG - Processing path data for input item 'copper-plate'
2025-05-06 17:32:12,949 - GurobiSolver - INFO - Adding belt path for 'copper-plate' at position (0, 8)
2025-05-06 17:32:12,949 - GurobiSolver - INFO - Adding belt path for 'copper-plate' at position (0, 7)
2025-05-06 17:32:12,949 - GurobiSolver - INFO - Adding belt path for 'copper-plate' at position (0, 6)
2025-05-06 17:32:12,950 - GurobiSolver - INFO - Adding belt path for 'copper-plate' at position (0, 5)
2025-05-06 17:32:12,950 - GurobiSolver - INFO - Adding belt path for 'copper-plate' at position (0, 4)
2025-05-06 17:32:12,950 - GurobiSolver - INFO - Adding belt path for 'copper-plate' at position (0, 3)
2025-05-06 17:32:12,950 - GurobiSolver - INFO - Adding belt path for 'copper-plate' at position (0, 2)
2025-05-06 17:32:12,951 - GurobiSolver - INFO - Adding belt path for 'copper-plate' at position (0, 1)
2025-05-06 17:32:12,951 - GurobiSolver - DEBUG - Processing input item 'iron-plate' with data: {'input': (9, 12), 'output': (0, 12), 'paths': {'iron-plate': [{'item': 'iron-plate', 'path': [(12, 9), (12, 8), (12, 7), (12, 6), (12, 5), (12, 4), (12, 3), (12, 2), (12, 1), (12, 0)], 'start': (12, 9), 'destination': (12, 0), 'underground_segments': {}, 'start_splitter': None, 'dest_splitter': None}]}}
2025-05-06 17:32:12,951 - GurobiSolver - INFO - Adding input belt for item 'iron-plate' at position (9, 12)
2025-05-06 17:32:12,951 - GurobiSolver - INFO - Adding output belt for item 'iron-plate' at position (0, 12)
2025-05-06 17:32:12,952 - GurobiSolver - DEBUG - Processing path data for input item 'iron-plate'
2025-05-06 17:32:12,952 - GurobiSolver - INFO - Adding belt path for 'iron-plate' at position (12, 8)
2025-05-06 17:32:12,952 - GurobiSolver - INFO - Adding belt path for 'iron-plate' at position (12, 7)
2025-05-06 17:32:12,952 - GurobiSolver - INFO - Adding belt path for 'iron-plate' at position (12, 6)
2025-05-06 17:32:12,952 - GurobiSolver - INFO - Adding belt path for 'iron-plate' at position (12, 5)
2025-05-06 17:32:12,952 - GurobiSolver - INFO - Adding belt path for 'iron-plate' at position (12, 4)
2025-05-06 17:32:12,952 - GurobiSolver - INFO - Adding belt path for 'iron-plate' at position (12, 3)
2025-05-06 17:32:12,953 - GurobiSolver - INFO - Adding belt path for 'iron-plate' at position (12, 2)
2025-05-06 17:32:12,953 - GurobiSolver - INFO - Adding belt path for 'iron-plate' at position (12, 1)
2025-05-06 17:32:12,953 - GurobiSolver - DEBUG - Processing output item 'electronic-circuit' with data: {'input': (0, 15), 'output': (9, 15), 'paths': {'electronic-circuit': [{'item': 'electronic-circuit', 'path': [(15, 0), (15, 1), (15, 2), (15, 3), (15, 4), (15, 5), (15, 6), (15, 7), (15, 8), (15, 9)], 'start': (15, 0), 'destination': (15, 9), 'underground_segments': {}, 'start_splitter': None, 'dest_splitter': None}]}}
2025-05-06 17:32:12,953 - GurobiSolver - INFO - Adding input belt for output item 'electronic-circuit' at position (0, 15)
2025-05-06 17:32:12,953 - GurobiSolver - INFO - Adding output belt for output item 'electronic-circuit' at position (9, 15)
2025-05-06 17:32:12,953 - GurobiSolver - DEBUG - Processing path data for output item 'electronic-circuit'
2025-05-06 17:32:12,954 - GurobiSolver - INFO - Adding belt path for 'electronic-circuit' at position (15, 1)
2025-05-06 17:32:12,954 - GurobiSolver - INFO - Adding belt path for 'electronic-circuit' at position (15, 2)
2025-05-06 17:32:12,954 - GurobiSolver - INFO - Adding belt path for 'electronic-circuit' at position (15, 3)
2025-05-06 17:32:12,954 - GurobiSolver - INFO - Adding belt path for 'electronic-circuit' at position (15, 4)
2025-05-06 17:32:12,954 - GurobiSolver - INFO - Adding belt path for 'electronic-circuit' at position (15, 5)
2025-05-06 17:32:12,954 - GurobiSolver - INFO - Adding belt path for 'electronic-circuit' at position (15, 6)
2025-05-06 17:32:12,954 - GurobiSolver - INFO - Adding belt path for 'electronic-circuit' at position (15, 7)
2025-05-06 17:32:12,954 - GurobiSolver - INFO - Adding belt path for 'electronic-circuit' at position (15, 8)
2025-05-06 17:32:12,955 - GurobiSolver - INFO - Finished adding manual I/O constraints. Calling solver.
2025-05-06 17:32:12,955 - GurobiSolver - INFO - Starting to solve the optimization model.
2025-05-06 17:32:12,955 - GurobiSolver - INFO - Solver status: 2 - Solution found
2025-05-06 17:32:12,955 - GurobiSolver - INFO - Identifying non-overlapping inserters.
2025-05-06 17:32:12,956 - GurobiSolver - INFO - Starting to create assemblers based on production data.
2025-05-06 17:32:12,956 - GurobiSolver - DEBUG - Processing item 'electronic-circuit' with production data: {'amount_per_minute': 120, 'assemblers': 2, 'input_inserters': [{'id': 'copper-cable', 'inserters': 3, 'amount': 3}, {'id': 'iron-plate', 'inserters': 1, 'amount': 1}], 'belts': 2, 'capacity': 0}
2025-05-06 17:32:12,956 - GurobiSolver - INFO - Creating assembler for item 'electronic-circuit', instance 0
2025-05-06 17:32:12,956 - GurobiSolver - INFO - Creating input inserter for copper-cable at copper-cable_in_0_0_0
2025-05-06 17:32:12,956 - GurobiSolver - INFO - Creating input inserter for copper-cable at copper-cable_in_0_0_1
2025-05-06 17:32:12,956 - GurobiSolver - INFO - Creating input inserter for copper-cable at copper-cable_in_0_0_2
2025-05-06 17:32:12,956 - GurobiSolver - INFO - Creating input inserter for iron-plate at iron-plate_in_0_0_0
2025-05-06 17:32:12,956 - GurobiSolver - DEBUG - Created assembler with ID: electronic-circuit_0_0 and input inserters: ['copper-cable_in_0_0_0', 'copper-cable_in_0_0_1', 'copper-cable_in_0_0_2', 'iron-plate_in_0_0_0']
2025-05-06 17:32:12,957 - GurobiSolver - DEBUG - Created assembler with ID: electronic-circuit_0_0 with item = electronic-circuit
2025-05-06 17:32:12,957 - GurobiSolver - DEBUG - Created assembler with ID: electronic-circuit_0_0 with capacity = 0
2025-05-06 17:32:12,957 - GurobiSolver - INFO - Creating assembler for item 'electronic-circuit', instance 1
2025-05-06 17:32:12,957 - GurobiSolver - INFO - Creating input inserter for copper-cable at copper-cable_in_0_1_0
2025-05-06 17:32:12,957 - GurobiSolver - INFO - Creating input inserter for copper-cable at copper-cable_in_0_1_1
2025-05-06 17:32:12,957 - GurobiSolver - INFO - Creating input inserter for copper-cable at copper-cable_in_0_1_2
2025-05-06 17:32:12,957 - GurobiSolver - INFO - Creating input inserter for iron-plate at iron-plate_in_0_1_0
2025-05-06 17:32:12,957 - GurobiSolver - DEBUG - Created assembler with ID: electronic-circuit_0_1 and input inserters: ['copper-cable_in_0_1_0', 'copper-cable_in_0_1_1', 'copper-cable_in_0_1_2', 'iron-plate_in_0_1_0']
2025-05-06 17:32:12,957 - GurobiSolver - DEBUG - Created assembler with ID: electronic-circuit_0_1 with item = electronic-circuit
2025-05-06 17:32:12,959 - GurobiSolver - DEBUG - Created assembler with ID: electronic-circuit_0_1 with capacity = 0
2025-05-06 17:32:12,959 - GurobiSolver - DEBUG - Processing item 'copper-cable' with production data: {'amount_per_minute': 360.0, 'assemblers': 3, 'input_inserters': [{'id': 'copper-plate', 'inserters': 2, 'amount': 1}], 'belts': 1, 'capacity': 2}
2025-05-06 17:32:12,959 - GurobiSolver - INFO - Creating assembler for item 'copper-cable', instance 0
2025-05-06 17:32:12,959 - GurobiSolver - INFO - Creating input inserter for copper-plate at copper-plate_in_1_0_0
2025-05-06 17:32:12,959 - GurobiSolver - INFO - Creating input inserter for copper-plate at copper-plate_in_1_0_1
2025-05-06 17:32:12,959 - GurobiSolver - DEBUG - Created assembler with ID: copper-cable_1_0 and input inserters: ['copper-plate_in_1_0_0', 'copper-plate_in_1_0_1']
2025-05-06 17:32:12,959 - GurobiSolver - DEBUG - Created assembler with ID: copper-cable_1_0 with item = copper-cable
2025-05-06 17:32:12,960 - GurobiSolver - DEBUG - Created assembler with ID: copper-cable_1_0 with capacity = 2
2025-05-06 17:32:12,960 - GurobiSolver - INFO - Creating assembler for item 'copper-cable', instance 1
2025-05-06 17:32:12,960 - GurobiSolver - INFO - Creating input inserter for copper-plate at copper-plate_in_1_1_0
2025-05-06 17:32:12,960 - GurobiSolver - INFO - Creating input inserter for copper-plate at copper-plate_in_1_1_1
2025-05-06 17:32:12,960 - GurobiSolver - DEBUG - Created assembler with ID: copper-cable_1_1 and input inserters: ['copper-plate_in_1_1_0', 'copper-plate_in_1_1_1']
2025-05-06 17:32:12,960 - GurobiSolver - DEBUG - Created assembler with ID: copper-cable_1_1 with item = copper-cable
2025-05-06 17:32:12,961 - GurobiSolver - DEBUG - Created assembler with ID: copper-cable_1_1 with capacity = 2
2025-05-06 17:32:12,961 - GurobiSolver - INFO - Creating assembler for item 'copper-cable', instance 2
2025-05-06 17:32:12,961 - GurobiSolver - INFO - Creating input inserter for copper-plate at copper-plate_in_1_2_0
2025-05-06 17:32:12,961 - GurobiSolver - INFO - Creating input inserter for copper-plate at copper-plate_in_1_2_1
2025-05-06 17:32:12,961 - GurobiSolver - DEBUG - Created assembler with ID: copper-cable_1_2 and input inserters: ['copper-plate_in_1_2_0', 'copper-plate_in_1_2_1']
2025-05-06 17:32:12,961 - GurobiSolver - DEBUG - Created assembler with ID: copper-cable_1_2 with item = copper-cable
2025-05-06 17:32:12,961 - GurobiSolver - DEBUG - Created assembler with ID: copper-cable_1_2 with capacity = 2
2025-05-06 17:32:12,962 - GurobiSolver - DEBUG - Processing item 'copper-plate' with production data: {'amount_per_minute': 180.0, 'capacity': 0}
2025-05-06 17:32:12,962 - GurobiSolver - DEBUG - Processing item 'iron-plate' with production data: {'amount_per_minute': 120.0, 'capacity': 0}
2025-05-06 17:32:12,962 - GurobiSolver - INFO - Created 5 assemblers in total.
2025-05-06 17:32:12,962 - GurobiSolver - INFO - Adding assembler overlap constraints to avoid global belts.
2025-05-06 17:32:12,997 - GurobiSolver - INFO - Adding inserter overlap constraints to avoid global belts.
2025-05-06 17:32:13,106 - GurobiSolver - INFO - Adding belt overlap constraints to avoid conflicts with global belts (different items only).
2025-05-06 17:32:13,188 - GurobiSolver - INFO - Adding boundary constraints for assemblers.
2025-05-06 17:32:13,188 - GurobiSolver - DEBUG - Setting boundary constraints for assembler ID electronic-circuit_0_0
2025-05-06 17:32:13,188 - GurobiSolver - DEBUG - Setting boundary constraints for assembler ID electronic-circuit_0_1
2025-05-06 17:32:13,188 - GurobiSolver - DEBUG - Setting boundary constraints for assembler ID copper-cable_1_0
2025-05-06 17:32:13,188 - GurobiSolver - DEBUG - Setting boundary constraints for assembler ID copper-cable_1_1
2025-05-06 17:32:13,188 - GurobiSolver - DEBUG - Setting boundary constraints for assembler ID copper-cable_1_2
2025-05-06 17:32:13,188 - GurobiSolver - INFO - Adding boundary constraints for belts and inserters.
2025-05-06 17:32:13,189 - GurobiSolver - DEBUG - Setting boundary constraints for inserter ID copper-cable_in_0_0_0 and belt ID copper-cable_end_0_0_0
2025-05-06 17:32:13,189 - GurobiSolver - DEBUG - Setting boundary constraints for inserter ID copper-cable_in_0_0_1 and belt ID copper-cable_end_0_0_1
2025-05-06 17:32:13,189 - GurobiSolver - DEBUG - Setting boundary constraints for inserter ID copper-cable_in_0_0_2 and belt ID copper-cable_end_0_0_2
2025-05-06 17:32:13,189 - GurobiSolver - DEBUG - Setting boundary constraints for inserter ID iron-plate_in_0_0_0 and belt ID iron-plate_end_0_0_0
2025-05-06 17:32:13,189 - GurobiSolver - DEBUG - Setting boundary constraints for inserter ID copper-cable_in_0_1_0 and belt ID copper-cable_end_0_1_0
2025-05-06 17:32:13,189 - GurobiSolver - DEBUG - Setting boundary constraints for inserter ID copper-cable_in_0_1_1 and belt ID copper-cable_end_0_1_1
2025-05-06 17:32:13,190 - GurobiSolver - DEBUG - Setting boundary constraints for inserter ID copper-cable_in_0_1_2 and belt ID copper-cable_end_0_1_2
2025-05-06 17:32:13,190 - GurobiSolver - DEBUG - Setting boundary constraints for inserter ID iron-plate_in_0_1_0 and belt ID iron-plate_end_0_1_0
2025-05-06 17:32:13,190 - GurobiSolver - DEBUG - Setting boundary constraints for inserter ID copper-plate_in_1_0_0 and belt ID copper-plate_end_1_0_0
2025-05-06 17:32:13,190 - GurobiSolver - DEBUG - Setting boundary constraints for inserter ID copper-plate_in_1_0_1 and belt ID copper-plate_end_1_0_1
2025-05-06 17:32:13,191 - GurobiSolver - DEBUG - Setting boundary constraints for inserter ID copper-plate_in_1_1_0 and belt ID copper-plate_end_1_1_0
2025-05-06 17:32:13,191 - GurobiSolver - DEBUG - Setting boundary constraints for inserter ID copper-plate_in_1_1_1 and belt ID copper-plate_end_1_1_1
2025-05-06 17:32:13,191 - GurobiSolver - DEBUG - Setting boundary constraints for inserter ID copper-plate_in_1_2_0 and belt ID copper-plate_end_1_2_0
2025-05-06 17:32:13,191 - GurobiSolver - DEBUG - Setting boundary constraints for inserter ID copper-plate_in_1_2_1 and belt ID copper-plate_end_1_2_1
2025-05-06 17:32:13,192 - GurobiSolver - INFO - Adding assembler overlap constraints to prevent assembler-assembler overlap.
2025-05-06 17:32:13,194 - GurobiSolver - INFO - Adding assembler-inserter overlap constraints.
2025-05-06 17:32:13,204 - GurobiSolver - INFO - Adding assembler-belt overlap constraints (excluding same-item belts).
2025-05-06 17:32:13,212 - GurobiSolver - INFO - Adding inserter overlap constraints to prevent inserter-inserter overlap.
2025-05-06 17:32:13,236 - GurobiSolver - INFO - Adding inserter-belt overlap constraints to prevent inserters from overlapping with belts.
2025-05-06 17:32:13,271 - GurobiSolver - INFO - Adding belt overlap constraints to prevent belt-belt overlap (except same-item belts).
2025-05-06 17:32:13,284 - GurobiSolver - INFO - Adding inserter adjacency constraints.
2025-05-06 17:32:13,331 - GurobiSolver - INFO - Adding output space constraints.
2025-05-06 17:32:15,085 - GurobiSolver - INFO - Adding input inserter merge constraints.
2025-05-06 17:32:15,107 - GurobiSolver - INFO - Adding belt overlap optimization objective.
2025-05-06 17:32:15,168 - GurobiSolver - INFO - Starting to solve the optimization model.
